14:40:13 INFO  : Processing command line option -hwspec E:/Users/Q/lab4/lab4.sdk/system_wrapper.hdf.
14:40:20 INFO  : Launching XSDB server: xsdb.bat -s E:/Xilinx/SDK/2014.4/scripts/xsdb/xsdb/xsdb-server.tcl 2450
14:41:44 INFO  : BSP Project P/standalone_bsp_0 has been successfully migrated.
14:49:35 INFO  : Saving repository preferences.
14:49:35 INFO  : Reading in cores from local repositories: 
		 E:\Users\Q\led_ip\led_ip_1.0
14:49:35 INFO  : Cleaning BSP projects in the workspace.
15:06:28 INFO  : FPGA configured successfully with bitstream "E:/Users/Q/lab4/lab4.sdk/system_wrapper_hw_platform_0/system_wrapper.bit"
15:07:06 INFO  : ps7_init is completed.
15:07:06 INFO  : ps7_post_config is completed.
15:07:06 INFO  : Processor reset is completed for ps7_cortexa9_0
15:09:20 INFO  : FPGA configured successfully with bitstream "E:/Users/Q/lab4/lab4.sdk/system_wrapper_hw_platform_0/system_wrapper.bit"
15:09:56 INFO  : ps7_init is completed.
15:09:56 INFO  : ps7_post_config is completed.
15:09:56 INFO  : Processor reset is completed for ps7_cortexa9_0
15:10:50 INFO  : FPGA configured successfully with bitstream "E:/Users/Q/lab4/lab4.sdk/system_wrapper_hw_platform_0/system_wrapper.bit"
15:11:09 INFO  : Processor reset is completed for ps7_cortexa9_0
15:11:34 INFO  : ps7_cortexa9_0 Processor is in use. Please stop existing Run or Debug sessions before launching.
15:12:04 INFO  : ps7_cortexa9_0 Processor is in use. Please stop existing Run or Debug sessions before launching.
15:12:07 INFO  : Processor reset is completed for ps7_cortexa9_0
15:19:03 INFO  : Successfully generated E:\Users\Q\lab4\myLinkerScript.ld.
15:29:52 INFO  : Successfully generated E:\Users\Q\lab4\myLinkScript2.ld.
15:31:06 INFO  : FPGA configured successfully with bitstream "E:/Users/Q/lab4/lab4.sdk/system_wrapper_hw_platform_0/system_wrapper.bit"
15:32:11 INFO  : Processor reset is completed for ps7_cortexa9_0
15:33:34 INFO  : Processor reset is completed for ps7_cortexa9_0
15:34:53 INFO  : FPGA configured successfully with bitstream "E:/Users/Q/lab4/lab4.sdk/system_wrapper_hw_platform_0/system_wrapper.bit"
15:35:06 INFO  : ps7_init is completed.
15:35:06 INFO  : ps7_post_config is completed.
15:35:07 INFO  : Processor reset is completed for ps7_cortexa9_0
15:35:53 INFO  : Processor reset is completed for ps7_cortexa9_0
15:44:00 INFO  : ps7_cortexa9_0 Processor is in use. Please stop existing Run or Debug sessions before launching.
15:44:05 INFO  : Processor reset is completed for ps7_cortexa9_0
15:44:46 INFO  : Processor reset is completed for ps7_cortexa9_0
15:46:12 INFO  : Successfully generated E:\Users\Q\lab4\myLinkScript2.ld.
15:46:45 INFO  : Processor reset is completed for ps7_cortexa9_0
15:47:10 INFO  : Processor reset is completed for ps7_cortexa9_0
15:47:47 ERROR : Unexpected error while parsing XMD response ?: com.google.gson.JsonSyntaxException: com.google.gson.stream.MalformedJsonException: invalid number or unquoted string near 
15:48:57 INFO  : Processing command line option -hwspec E:/Users/Q/lab4/lab4.sdk/system_wrapper.hdf.
15:48:59 INFO  : Checking for hwspec changes in the project system_wrapper_hw_platform_0.
15:48:59 INFO  : Launching XSDB server: xsdb.bat -s E:/Xilinx/SDK/2014.4/scripts/xsdb/xsdb/xsdb-server.tcl 2450
15:49:00 INFO  : Restoring local repository preferences: 
		 E:\Users\Q\led_ip\led_ip_1.0
15:50:19 INFO  : FPGA configured successfully with bitstream "E:/Users/Q/lab4/lab4.sdk/system_wrapper_hw_platform_0/system_wrapper.bit"
15:51:09 INFO  : ps7_init is completed.
15:51:09 INFO  : ps7_post_config is completed.
15:51:09 INFO  : Processor reset is completed for ps7_cortexa9_0
15:52:08 INFO  : FPGA configured successfully with bitstream "E:/Users/Q/lab4/lab4.sdk/system_wrapper_hw_platform_0/system_wrapper.bit"
15:52:54 INFO  : Processor reset is completed for ps7_cortexa9_0
15:55:53 INFO  : Successfully generated E:\Users\Q\lab4\myLinkerScript2.ld.
15:56:12 INFO  : Processor reset is completed for ps7_cortexa9_0
15:56:59 ERROR : Unexpected error while parsing XMD response ?: com.google.gson.JsonSyntaxException: com.google.gson.stream.MalformedJsonException: invalid number or unquoted string near 
09:56:16 INFO  : Processing command line option -hwspec E:/Users/Q/lab4/lab4.sdk/system_wrapper.hdf.
09:56:22 INFO  : Checking for hwspec changes in the project system_wrapper_hw_platform_0.
09:56:22 INFO  : Launching XSDB server: xsdb.bat -s E:/Xilinx/SDK/2014.4/scripts/xsdb/xsdb/xsdb-server.tcl 2450
09:57:33 INFO  : Restoring local repository preferences: 
		 E:\Users\Q\led_ip\led_ip_1.0
09:58:14 INFO  : FPGA configured successfully with bitstream "E:/Users/Q/lab4/lab4.sdk/system_wrapper_hw_platform_0/system_wrapper.bit"
10:02:10 INFO  : ps7_init is completed.
10:02:10 INFO  : ps7_post_config is completed.
10:02:10 INFO  : Processor reset is completed for ps7_cortexa9_0
10:04:01 INFO  : ps7_cortexa9_0 Processor is in use. Please stop existing Run or Debug sessions before launching.
10:04:04 INFO  : Processor reset is completed for ps7_cortexa9_0
10:04:29 INFO  : FPGA configured successfully with bitstream "E:/Users/Q/lab4/lab4.sdk/system_wrapper_hw_platform_0/system_wrapper.bit"
10:05:43 ERROR : Unexpected error while parsing XMD response ?: com.google.gson.JsonSyntaxException: com.google.gson.stream.MalformedJsonException: invalid number or unquoted string near 
10:06:06 INFO  : Processing command line option -hwspec E:/Users/Q/lab4/lab4.sdk/system_wrapper.hdf.
10:06:08 INFO  : Checking for hwspec changes in the project system_wrapper_hw_platform_0.
10:06:08 INFO  : Launching XSDB server: xsdb.bat -s E:/Xilinx/SDK/2014.4/scripts/xsdb/xsdb/xsdb-server.tcl 2450
10:06:09 INFO  : Restoring local repository preferences: 
		 E:\Users\Q\led_ip\led_ip_1.0
10:07:56 INFO  : FPGA configured successfully with bitstream "E:/Users/Q/lab4/lab4.sdk/system_wrapper_hw_platform_0/system_wrapper.bit"
10:09:07 INFO  : ps7_init is completed.
10:09:07 INFO  : ps7_post_config is completed.
10:09:07 INFO  : Processor reset is completed for ps7_cortexa9_0
10:10:42 INFO  : ps7_cortexa9_0 Processor is in use. Please stop existing Run or Debug sessions before launching.
10:10:45 INFO  : Processor reset is completed for ps7_cortexa9_0
10:11:05 INFO  : FPGA configured successfully with bitstream "E:/Users/Q/lab4/lab4.sdk/system_wrapper_hw_platform_0/system_wrapper.bit"
10:12:24 INFO  : ps7_init is completed.
10:12:24 INFO  : ps7_post_config is completed.
10:12:24 INFO  : Processor reset is completed for ps7_cortexa9_0
10:13:17 ERROR : Unexpected error while parsing XMD response ?: com.google.gson.JsonSyntaxException: com.google.gson.stream.MalformedJsonException: invalid number or unquoted string near 
10:30:45 INFO  : Processing command line option -hwspec E:/Users/Q/lab5/lab5.sdk/system_wrapper.hdf.
10:30:47 INFO  : Launching XSDB server: xsdb.bat -s E:/Xilinx/SDK/2014.4/scripts/xsdb/xsdb/xsdb-server.tcl 2450
10:30:48 INFO  : Restoring local repository preferences: 
		 E:\Users\Q\led_ip\led_ip_1.0
10:33:56 WARN  :  [Hsi 55-1559] Software Design already exists with Name E:\Users\Q\lab4\lab4.sdk\standalone_bsp_0\system.mss
10:33:56 WARN  :  [Hsi 55-1559] Software Design already exists with Name E:\Users\Q\lab4\lab4.sdk\standalone_bsp_0\system.mss
10:33:56 WARN  :  [Hsi 55-1559] Software Design already exists with Name E:\Users\Q\lab4\lab4.sdk\standalone_bsp_0\system.mss
 [Hsi 55-1559] Software Design already exists with Name E:\Users\Q\lab4\lab4.sdk\standalone_bsp_0\system.mss
10:34:17 WARN  :  [Hsi 55-1559] Software Design already exists with Name E:\Users\Q\lab4\lab4.sdk\standalone_bsp_0\system.mss
10:34:17 WARN  :  [Hsi 55-1559] Software Design already exists with Name E:\Users\Q\lab4\lab4.sdk\standalone_bsp_0\system.mss
10:34:17 WARN  :  [Hsi 55-1559] Software Design already exists with Name E:\Users\Q\lab4\lab4.sdk\standalone_bsp_0\system.mss
10:34:17 WARN  :  [Hsi 55-1559] Software Design already exists with Name E:\Users\Q\lab4\lab4.sdk\standalone_bsp_0\system.mss
 [Hsi 55-1559] Software Design already exists with Name E:\Users\Q\lab4\lab4.sdk\standalone_bsp_0\system.mss
10:34:17 WARN  :  [Hsi 55-1559] Software Design already exists with Name E:\Users\Q\lab4\lab4.sdk\standalone_bsp_0\system.mss
10:34:17 WARN  :  [Hsi 55-1559] Software Design already exists with Name E:\Users\Q\lab4\lab4.sdk\standalone_bsp_0\system.mss
10:34:17 WARN  :  [Hsi 55-1559] Software Design already exists with Name E:\Users\Q\lab4\lab4.sdk\standalone_bsp_0\system.mss
10:34:17 WARN  :  [Hsi 55-1559] Software Design already exists with Name E:\Users\Q\lab4\lab4.sdk\standalone_bsp_0\system.mss
 [Hsi 55-1559] Software Design already exists with Name E:\Users\Q\lab4\lab4.sdk\standalone_bsp_0\system.mss
10:34:48 WARN  :  [Hsi 55-1559] Software Design already exists with Name E:\Users\Q\lab4\lab4.sdk\standalone_bsp_0\system.mss
10:34:48 WARN  :  [Hsi 55-1559] Software Design already exists with Name E:\Users\Q\lab4\lab4.sdk\standalone_bsp_0\system.mss
10:34:48 WARN  :  [Hsi 55-1559] Software Design already exists with Name E:\Users\Q\lab4\lab4.sdk\standalone_bsp_0\system.mss
10:34:48 WARN  :  [Hsi 55-1559] Software Design already exists with Name E:\Users\Q\lab4\lab4.sdk\standalone_bsp_0\system.mss
 [Hsi 55-1559] Software Design already exists with Name E:\Users\Q\lab4\lab4.sdk\standalone_bsp_0\system.mss
10:34:48 WARN  :  [Hsi 55-1559] Software Design already exists with Name E:\Users\Q\lab4\lab4.sdk\standalone_bsp_0\system.mss
10:34:54 WARN  :  [Hsi 55-1559] Software Design already exists with Name E:\Users\Q\lab4\lab4.sdk\standalone_bsp_0\system.mss
10:34:54 WARN  :  [Hsi 55-1559] Software Design already exists with Name E:\Users\Q\lab4\lab4.sdk\standalone_bsp_0\system.mss
10:34:54 WARN  :  [Hsi 55-1559] Software Design already exists with Name E:\Users\Q\lab4\lab4.sdk\standalone_bsp_0\system.mss
10:34:54 WARN  :  [Hsi 55-1559] Software Design already exists with Name E:\Users\Q\lab4\lab4.sdk\standalone_bsp_0\system.mss
 [Hsi 55-1559] Software Design already exists with Name E:\Users\Q\lab4\lab4.sdk\standalone_bsp_0\system.mss
10:34:54 WARN  :  [Hsi 55-1559] Software Design already exists with Name E:\Users\Q\lab4\lab4.sdk\standalone_bsp_0\system.mss
10:34:54 WARN  :  [Hsi 55-1559] Software Design already exists with Name E:\Users\Q\lab4\lab4.sdk\standalone_bsp_0\system.mss
10:34:54 WARN  :  [Hsi 55-1559] Software Design already exists with Name E:\Users\Q\lab4\lab4.sdk\standalone_bsp_0\system.mss
10:34:54 WARN  :  [Hsi 55-1559] Software Design already exists with Name E:\Users\Q\lab4\lab4.sdk\standalone_bsp_0\system.mss
10:34:54 WARN  :  [Hsi 55-1559] Software Design already exists with Name E:\Users\Q\lab4\lab4.sdk\standalone_bsp_0\system.mss
10:34:54 WARN  :  [Hsi 55-1559] Software Design already exists with Name E:\Users\Q\lab4\lab4.sdk\standalone_bsp_0\system.mss
10:34:54 WARN  :  [Hsi 55-1559] Software Design already exists with Name E:\Users\Q\lab4\lab4.sdk\standalone_bsp_0\system.mss
10:34:54 WARN  :  [Hsi 55-1559] Software Design already exists with Name E:\Users\Q\lab4\lab4.sdk\standalone_bsp_0\system.mss
 [Hsi 55-1559] Software Design already exists with Name E:\Users\Q\lab4\lab4.sdk\standalone_bsp_0\system.mss
10:35:04 WARN  :  [Hsi 55-1559] Software Design already exists with Name E:\Users\Q\lab4\lab4.sdk\standalone_bsp_0\system.mss
10:35:04 WARN  :  [Hsi 55-1559] Software Design already exists with Name E:\Users\Q\lab4\lab4.sdk\standalone_bsp_0\system.mss
10:35:04 WARN  :  [Hsi 55-1559] Software Design already exists with Name E:\Users\Q\lab4\lab4.sdk\standalone_bsp_0\system.mss
10:35:04 WARN  :  [Hsi 55-1559] Software Design already exists with Name E:\Users\Q\lab4\lab4.sdk\standalone_bsp_0\system.mss
 [Hsi 55-1559] Software Design already exists with Name E:\Users\Q\lab4\lab4.sdk\standalone_bsp_0\system.mss
10:35:32 WARN  :  [Hsi 55-1559] Software Design already exists with Name E:\Users\Q\lab4\lab4.sdk\standalone_bsp_0\system.mss
10:35:32 WARN  :  [Hsi 55-1559] Software Design already exists with Name E:\Users\Q\lab4\lab4.sdk\standalone_bsp_0\system.mss
10:35:32 WARN  :  [Hsi 55-1559] Software Design already exists with Name E:\Users\Q\lab4\lab4.sdk\standalone_bsp_0\system.mss
10:35:32 WARN  :  [Hsi 55-1559] Software Design already exists with Name E:\Users\Q\lab4\lab4.sdk\standalone_bsp_0\system.mss
 [Hsi 55-1559] Software Design already exists with Name E:\Users\Q\lab4\lab4.sdk\standalone_bsp_0\system.mss
10:35:32 WARN  :  [Hsi 55-1559] Software Design already exists with Name E:\Users\Q\lab4\lab4.sdk\standalone_bsp_0\system.mss
10:35:32 WARN  :  [Hsi 55-1559] Software Design already exists with Name E:\Users\Q\lab4\lab4.sdk\standalone_bsp_0\system.mss
10:35:32 WARN  :  [Hsi 55-1559] Software Design already exists with Name E:\Users\Q\lab4\lab4.sdk\standalone_bsp_0\system.mss
10:35:32 WARN  :  [Hsi 55-1559] Software Design already exists with Name E:\Users\Q\lab4\lab4.sdk\standalone_bsp_0\system.mss
 [Hsi 55-1559] Software Design already exists with Name E:\Users\Q\lab4\lab4.sdk\standalone_bsp_0\system.mss
10:35:40 WARN  :  [Hsi 55-1559] Software Design already exists with Name E:\Users\Q\lab4\lab4.sdk\standalone_bsp_0\system.mss
10:35:40 WARN  :  [Hsi 55-1559] Software Design already exists with Name E:\Users\Q\lab4\lab4.sdk\standalone_bsp_0\system.mss
10:35:40 WARN  :  [Hsi 55-1559] Software Design already exists with Name E:\Users\Q\lab4\lab4.sdk\standalone_bsp_0\system.mss
10:35:40 WARN  :  [Hsi 55-1559] Software Design already exists with Name E:\Users\Q\lab4\lab4.sdk\standalone_bsp_0\system.mss
 [Hsi 55-1559] Software Design already exists with Name E:\Users\Q\lab4\lab4.sdk\standalone_bsp_0\system.mss
10:35:48 WARN  :  [Hsi 55-1559] Software Design already exists with Name E:\Users\Q\lab4\lab4.sdk\standalone_bsp_0\system.mss
10:35:48 WARN  :  [Hsi 55-1559] Software Design already exists with Name E:\Users\Q\lab4\lab4.sdk\standalone_bsp_0\system.mss
10:35:48 WARN  :  [Hsi 55-1559] Software Design already exists with Name E:\Users\Q\lab4\lab4.sdk\standalone_bsp_0\system.mss
10:35:48 WARN  :  [Hsi 55-1559] Software Design already exists with Name E:\Users\Q\lab4\lab4.sdk\standalone_bsp_0\system.mss
 [Hsi 55-1559] Software Design already exists with Name E:\Users\Q\lab4\lab4.sdk\standalone_bsp_0\system.mss
10:36:07 WARN  :  [Hsi 55-1559] Software Design already exists with Name E:\Users\Q\lab4\lab4.sdk\standalone_bsp_0\system.mss
10:36:07 WARN  :  [Hsi 55-1559] Software Design already exists with Name E:\Users\Q\lab4\lab4.sdk\standalone_bsp_0\system.mss
10:36:07 WARN  :  [Hsi 55-1559] Software Design already exists with Name E:\Users\Q\lab4\lab4.sdk\standalone_bsp_0\system.mss
10:36:07 WARN  :  [Hsi 55-1559] Software Design already exists with Name E:\Users\Q\lab4\lab4.sdk\standalone_bsp_0\system.mss
 [Hsi 55-1559] Software Design already exists with Name E:\Users\Q\lab4\lab4.sdk\standalone_bsp_0\system.mss
10:36:07 WARN  :  [Hsi 55-1559] Software Design already exists with Name E:\Users\Q\lab4\lab4.sdk\standalone_bsp_0\system.mss
10:36:07 WARN  :  [Hsi 55-1559] Software Design already exists with Name E:\Users\Q\lab4\lab4.sdk\standalone_bsp_0\system.mss
10:36:07 WARN  :  [Hsi 55-1559] Software Design already exists with Name E:\Users\Q\lab4\lab4.sdk\standalone_bsp_0\system.mss
10:36:07 WARN  :  [Hsi 55-1559] Software Design already exists with Name E:\Users\Q\lab4\lab4.sdk\standalone_bsp_0\system.mss
10:36:08 WARN  :  [Hsi 55-1559] Software Design already exists with Name E:\Users\Q\lab4\lab4.sdk\standalone_bsp_0\system.mss
10:36:08 WARN  :  [Hsi 55-1559] Software Design already exists with Name E:\Users\Q\lab4\lab4.sdk\standalone_bsp_0\system.mss
10:36:08 WARN  :  [Hsi 55-1559] Software Design already exists with Name E:\Users\Q\lab4\lab4.sdk\standalone_bsp_0\system.mss
10:36:08 WARN  :  [Hsi 55-1559] Software Design already exists with Name E:\Users\Q\lab4\lab4.sdk\standalone_bsp_0\system.mss
 [Hsi 55-1559] Software Design already exists with Name E:\Users\Q\lab4\lab4.sdk\standalone_bsp_0\system.mss
10:43:01 WARN  :  [Hsi 55-1559] Software Design already exists with Name E:\Users\Q\lab4\lab4.sdk\standalone_bsp_0\system.mss
10:43:01 WARN  :  [Hsi 55-1559] Software Design already exists with Name E:\Users\Q\lab4\lab4.sdk\standalone_bsp_0\system.mss
10:43:01 WARN  :  [Hsi 55-1559] Software Design already exists with Name E:\Users\Q\lab4\lab4.sdk\standalone_bsp_0\system.mss
10:43:01 WARN  :  [Hsi 55-1559] Software Design already exists with Name E:\Users\Q\lab4\lab4.sdk\standalone_bsp_0\system.mss
 [Hsi 55-1559] Software Design already exists with Name E:\Users\Q\lab4\lab4.sdk\standalone_bsp_0\system.mss
10:43:01 WARN  :  [Hsi 55-1559] Software Design already exists with Name E:\Users\Q\lab4\lab4.sdk\standalone_bsp_0\system.mss
10:43:01 WARN  :  [Hsi 55-1559] Software Design already exists with Name E:\Users\Q\lab4\lab4.sdk\standalone_bsp_0\system.mss
10:43:01 WARN  :  [Hsi 55-1559] Software Design already exists with Name E:\Users\Q\lab4\lab4.sdk\standalone_bsp_0\system.mss
10:43:01 WARN  :  [Hsi 55-1559] Software Design already exists with Name E:\Users\Q\lab4\lab4.sdk\standalone_bsp_0\system.mss
10:43:01 WARN  :  [Hsi 55-1559] Software Design already exists with Name E:\Users\Q\lab4\lab4.sdk\standalone_bsp_0\system.mss
10:43:01 WARN  :  [Hsi 55-1559] Software Design already exists with Name E:\Users\Q\lab4\lab4.sdk\standalone_bsp_0\system.mss
 [Hsi 55-1559] Software Design already exists with Name E:\Users\Q\lab4\lab4.sdk\standalone_bsp_0\system.mss
10:43:01 WARN  :  [Hsi 55-1559] Software Design already exists with Name E:\Users\Q\lab4\lab4.sdk\standalone_bsp_0\system.mss
12:46:22 WARN  :  [Hsi 55-1559] Software Design already exists with Name E:\Users\Q\lab4\lab4.sdk\standalone_bsp_0\system.mss
12:46:22 WARN  :  [Hsi 55-1559] Software Design already exists with Name E:\Users\Q\lab4\lab4.sdk\standalone_bsp_0\system.mss
12:46:22 WARN  :  [Hsi 55-1559] Software Design already exists with Name E:\Users\Q\lab4\lab4.sdk\standalone_bsp_0\system.mss
12:46:22 WARN  :  [Hsi 55-1559] Software Design already exists with Name E:\Users\Q\lab4\lab4.sdk\standalone_bsp_0\system.mss
 [Hsi 55-1559] Software Design already exists with Name E:\Users\Q\lab4\lab4.sdk\standalone_bsp_0\system.mss
12:46:59 INFO  : FPGA configured successfully with bitstream "E:/Users/Q/lab5/lab5.sdk/system_wrapper_hw_platform_0/system_wrapper.bit"
12:48:51 WARN  :  [Hsi 55-1559] Software Design already exists with Name E:\Users\Q\lab4\lab4.sdk\standalone_bsp_0\system.mss
12:48:51 WARN  :  [Hsi 55-1559] Software Design already exists with Name E:\Users\Q\lab4\lab4.sdk\standalone_bsp_0\system.mss
12:48:51 WARN  :  [Hsi 55-1559] Software Design already exists with Name E:\Users\Q\lab4\lab4.sdk\standalone_bsp_0\system.mss
12:48:51 WARN  :  [Hsi 55-1559] Software Design already exists with Name E:\Users\Q\lab4\lab4.sdk\standalone_bsp_0\system.mss
 [Hsi 55-1559] Software Design already exists with Name E:\Users\Q\lab4\lab4.sdk\standalone_bsp_0\system.mss
12:49:04 INFO  : ps7_init is completed.
12:49:04 INFO  : ps7_post_config is completed.
12:49:04 INFO  : Processor reset is completed for ps7_cortexa9_0
12:50:12 WARN  :  [Hsi 55-1559] Software Design already exists with Name E:\Users\Q\lab4\lab4.sdk\standalone_bsp_0\system.mss
12:50:12 WARN  :  [Hsi 55-1559] Software Design already exists with Name E:\Users\Q\lab4\lab4.sdk\standalone_bsp_0\system.mss
12:50:12 WARN  :  [Hsi 55-1559] Software Design already exists with Name E:\Users\Q\lab4\lab4.sdk\standalone_bsp_0\system.mss
12:50:12 WARN  :  [Hsi 55-1559] Software Design already exists with Name E:\Users\Q\lab4\lab4.sdk\standalone_bsp_0\system.mss
 [Hsi 55-1559] Software Design already exists with Name E:\Users\Q\lab4\lab4.sdk\standalone_bsp_0\system.mss
12:50:19 INFO  : Processor reset is completed for ps7_cortexa9_0
12:50:59 WARN  :  [Hsi 55-1559] Software Design already exists with Name E:\Users\Q\lab4\lab4.sdk\standalone_bsp_0\system.mss
12:50:59 WARN  :  [Hsi 55-1559] Software Design already exists with Name E:\Users\Q\lab4\lab4.sdk\standalone_bsp_0\system.mss
12:50:59 WARN  :  [Hsi 55-1559] Software Design already exists with Name E:\Users\Q\lab4\lab4.sdk\standalone_bsp_0\system.mss
12:50:59 WARN  :  [Hsi 55-1559] Software Design already exists with Name E:\Users\Q\lab4\lab4.sdk\standalone_bsp_0\system.mss
 [Hsi 55-1559] Software Design already exists with Name E:\Users\Q\lab4\lab4.sdk\standalone_bsp_0\system.mss
12:51:08 INFO  : Processor reset is completed for ps7_cortexa9_0
12:51:27 WARN  :  [Hsi 55-1559] Software Design already exists with Name E:\Users\Q\lab4\lab4.sdk\standalone_bsp_0\system.mss
12:51:27 WARN  :  [Hsi 55-1559] Software Design already exists with Name E:\Users\Q\lab4\lab4.sdk\standalone_bsp_0\system.mss
12:51:27 WARN  :  [Hsi 55-1559] Software Design already exists with Name E:\Users\Q\lab4\lab4.sdk\standalone_bsp_0\system.mss
12:51:27 WARN  :  [Hsi 55-1559] Software Design already exists with Name E:\Users\Q\lab4\lab4.sdk\standalone_bsp_0\system.mss
 [Hsi 55-1559] Software Design already exists with Name E:\Users\Q\lab4\lab4.sdk\standalone_bsp_0\system.mss
12:51:40 INFO  : Processor reset is completed for ps7_cortexa9_0
12:56:15 WARN  :  [Hsi 55-1559] Software Design already exists with Name E:\Users\Q\lab4\lab4.sdk\standalone_bsp_0\system.mss
12:56:15 WARN  :  [Hsi 55-1559] Software Design already exists with Name E:\Users\Q\lab4\lab4.sdk\standalone_bsp_0\system.mss
12:56:15 WARN  :  [Hsi 55-1559] Software Design already exists with Name E:\Users\Q\lab4\lab4.sdk\standalone_bsp_0\system.mss
12:56:15 WARN  :  [Hsi 55-1559] Software Design already exists with Name E:\Users\Q\lab4\lab4.sdk\standalone_bsp_0\system.mss
 [Hsi 55-1559] Software Design already exists with Name E:\Users\Q\lab4\lab4.sdk\standalone_bsp_0\system.mss
12:56:26 INFO  : Processor reset is completed for ps7_cortexa9_0
12:57:17 INFO  : FPGA configured successfully with bitstream "E:/Users/Q/lab5/lab5.sdk/system_wrapper_hw_platform_1/system_wrapper.bit"
12:58:19 WARN  :  [Hsi 55-1559] Software Design already exists with Name E:\Users\Q\lab4\lab4.sdk\standalone_bsp_0\system.mss
12:58:19 WARN  :  [Hsi 55-1559] Software Design already exists with Name E:\Users\Q\lab4\lab4.sdk\standalone_bsp_0\system.mss
12:58:19 WARN  :  [Hsi 55-1559] Software Design already exists with Name E:\Users\Q\lab4\lab4.sdk\standalone_bsp_0\system.mss
12:58:19 WARN  :  [Hsi 55-1559] Software Design already exists with Name E:\Users\Q\lab4\lab4.sdk\standalone_bsp_0\system.mss
 [Hsi 55-1559] Software Design already exists with Name E:\Users\Q\lab4\lab4.sdk\standalone_bsp_0\system.mss
12:58:31 INFO  : ps7_init is completed.
12:58:31 INFO  : ps7_post_config is completed.
12:58:31 INFO  : Processor reset is completed for ps7_cortexa9_0
12:59:05 WARN  :  [Hsi 55-1559] Software Design already exists with Name E:\Users\Q\lab4\lab4.sdk\standalone_bsp_0\system.mss
INFO: [Common 17-14] Message 'Hsi 55-1559' appears 100 times and further instances of the messages will be disabled. Use the Tcl command set_msg_config to change the current settings.
12:59:13 INFO  : Processor reset is completed for ps7_cortexa9_0
13:11:52 ERROR : Unexpected error while parsing XMD response ?: com.google.gson.JsonSyntaxException: com.google.gson.stream.MalformedJsonException: invalid number or unquoted string near 
13:55:41 INFO  : Processing command line option -hwspec E:/Users/Q/lab5/lab5.sdk/system_wrapper.hdf.
13:55:43 INFO  : Checking for hwspec changes in the project system_wrapper_hw_platform_1.
13:55:44 INFO  : Launching XSDB server: xsdb.bat -s E:/Xilinx/SDK/2014.4/scripts/xsdb/xsdb/xsdb-server.tcl 2450
13:55:48 INFO  : Restoring local repository preferences: 
		 E:\Users\Q\led_ip\led_ip_1.0
13:58:52 INFO  : FPGA configured successfully with bitstream "E:/Users/Q/lab5/lab5.sdk/system_wrapper_hw_platform_1/system_wrapper.bit"
13:59:00 WARN  :  [Hsi 55-1559] Software Design already exists with Name E:\Users\Q\lab4\lab4.sdk\standalone_bsp_0\system.mss
13:59:00 WARN  :  [Hsi 55-1559] Software Design already exists with Name E:\Users\Q\lab4\lab4.sdk\standalone_bsp_0\system.mss
13:59:00 WARN  :  [Hsi 55-1559] Software Design already exists with Name E:\Users\Q\lab4\lab4.sdk\standalone_bsp_0\system.mss
 [Hsi 55-1559] Software Design already exists with Name E:\Users\Q\lab4\lab4.sdk\standalone_bsp_0\system.mss
13:59:22 INFO  : ps7_init is completed.
13:59:22 INFO  : ps7_post_config is completed.
13:59:22 INFO  : Processor reset is completed for ps7_cortexa9_0
14:00:27 WARN  :  [Hsi 55-1559] Software Design already exists with Name E:\Users\Q\lab4\lab4.sdk\standalone_bsp_0\system.mss
14:00:27 WARN  :  [Hsi 55-1559] Software Design already exists with Name E:\Users\Q\lab4\lab4.sdk\standalone_bsp_0\system.mss
14:00:27 WARN  :  [Hsi 55-1559] Software Design already exists with Name E:\Users\Q\lab4\lab4.sdk\standalone_bsp_0\system.mss
14:00:27 WARN  :  [Hsi 55-1559] Software Design already exists with Name E:\Users\Q\lab4\lab4.sdk\standalone_bsp_0\system.mss
 [Hsi 55-1559] Software Design already exists with Name E:\Users\Q\lab4\lab4.sdk\standalone_bsp_0\system.mss
14:00:34 INFO  : Processor reset is completed for ps7_cortexa9_0
14:01:32 INFO  : FPGA configured successfully with bitstream "E:/Users/Q/lab5/lab5.sdk/system_wrapper_hw_platform_0/system_wrapper.bit"
14:01:40 WARN  :  [Hsi 55-1559] Software Design already exists with Name E:\Users\Q\lab4\lab4.sdk\standalone_bsp_0\system.mss
14:01:40 WARN  :  [Hsi 55-1559] Software Design already exists with Name E:\Users\Q\lab4\lab4.sdk\standalone_bsp_0\system.mss
14:01:40 WARN  :  [Hsi 55-1559] Software Design already exists with Name E:\Users\Q\lab4\lab4.sdk\standalone_bsp_0\system.mss
14:01:40 WARN  :  [Hsi 55-1559] Software Design already exists with Name E:\Users\Q\lab4\lab4.sdk\standalone_bsp_0\system.mss
 [Hsi 55-1559] Software Design already exists with Name E:\Users\Q\lab4\lab4.sdk\standalone_bsp_0\system.mss
14:01:55 WARN  :  [Hsi 55-1559] Software Design already exists with Name E:\Users\Q\lab4\lab4.sdk\standalone_bsp_0\system.mss
14:01:55 WARN  :  [Hsi 55-1559] Software Design already exists with Name E:\Users\Q\lab4\lab4.sdk\standalone_bsp_0\system.mss
14:01:55 WARN  :  [Hsi 55-1559] Software Design already exists with Name E:\Users\Q\lab4\lab4.sdk\standalone_bsp_0\system.mss
14:01:55 WARN  :  [Hsi 55-1559] Software Design already exists with Name E:\Users\Q\lab4\lab4.sdk\standalone_bsp_0\system.mss
 [Hsi 55-1559] Software Design already exists with Name E:\Users\Q\lab4\lab4.sdk\standalone_bsp_0\system.mss
14:02:06 INFO  : ps7_init is completed.
14:02:06 INFO  : ps7_post_config is completed.
14:02:07 INFO  : Processor reset is completed for ps7_cortexa9_0
14:02:31 WARN  :  [Hsi 55-1559] Software Design already exists with Name E:\Users\Q\lab4\lab4.sdk\standalone_bsp_0\system.mss
14:02:31 WARN  :  [Hsi 55-1559] Software Design already exists with Name E:\Users\Q\lab4\lab4.sdk\standalone_bsp_0\system.mss
14:02:31 WARN  :  [Hsi 55-1559] Software Design already exists with Name E:\Users\Q\lab4\lab4.sdk\standalone_bsp_0\system.mss
14:02:31 WARN  :  [Hsi 55-1559] Software Design already exists with Name E:\Users\Q\lab4\lab4.sdk\standalone_bsp_0\system.mss
 [Hsi 55-1559] Software Design already exists with Name E:\Users\Q\lab4\lab4.sdk\standalone_bsp_0\system.mss
14:02:37 INFO  : ps7_cortexa9_0 Processor is in use. Please stop existing Run or Debug sessions before launching.
14:02:40 INFO  : Processor reset is completed for ps7_cortexa9_0
14:03:10 INFO  : FPGA Cable Disconnected. All active launches will be terminated.
14:03:10 WARN  : Terminating existing sessions on processor ps7_cortexa9_0
14:03:32 INFO  : FPGA configured successfully with bitstream "E:/Users/Q/lab5/lab5.sdk/system_wrapper_hw_platform_0/system_wrapper.bit"
14:03:39 WARN  :  [Hsi 55-1559] Software Design already exists with Name E:\Users\Q\lab4\lab4.sdk\standalone_bsp_0\system.mss
14:03:39 WARN  :  [Hsi 55-1559] Software Design already exists with Name E:\Users\Q\lab4\lab4.sdk\standalone_bsp_0\system.mss
14:03:39 WARN  :  [Hsi 55-1559] Software Design already exists with Name E:\Users\Q\lab4\lab4.sdk\standalone_bsp_0\system.mss
14:03:39 WARN  :  [Hsi 55-1559] Software Design already exists with Name E:\Users\Q\lab4\lab4.sdk\standalone_bsp_0\system.mss
 [Hsi 55-1559] Software Design already exists with Name E:\Users\Q\lab4\lab4.sdk\standalone_bsp_0\system.mss
14:03:54 INFO  : ps7_init is completed.
14:03:54 INFO  : ps7_post_config is completed.
14:03:54 INFO  : Processor reset is completed for ps7_cortexa9_0
14:04:27 WARN  :  [Hsi 55-1559] Software Design already exists with Name E:\Users\Q\lab4\lab4.sdk\standalone_bsp_0\system.mss
14:04:27 WARN  :  [Hsi 55-1559] Software Design already exists with Name E:\Users\Q\lab4\lab4.sdk\standalone_bsp_0\system.mss
14:04:27 WARN  :  [Hsi 55-1559] Software Design already exists with Name E:\Users\Q\lab4\lab4.sdk\standalone_bsp_0\system.mss
14:04:27 WARN  :  [Hsi 55-1559] Software Design already exists with Name E:\Users\Q\lab4\lab4.sdk\standalone_bsp_0\system.mss
 [Hsi 55-1559] Software Design already exists with Name E:\Users\Q\lab4\lab4.sdk\standalone_bsp_0\system.mss
14:04:32 INFO  : ps7_cortexa9_0 Processor is in use. Please stop existing Run or Debug sessions before launching.
14:04:34 INFO  : Processor reset is completed for ps7_cortexa9_0
14:05:40 INFO  : FPGA configured successfully with bitstream "E:/Users/Q/lab5/lab5.sdk/system_wrapper_hw_platform_0/system_wrapper.bit"
14:05:45 WARN  :  [Hsi 55-1559] Software Design already exists with Name E:\Users\Q\lab4\lab4.sdk\standalone_bsp_0\system.mss
14:05:45 WARN  :  [Hsi 55-1559] Software Design already exists with Name E:\Users\Q\lab4\lab4.sdk\standalone_bsp_0\system.mss
14:05:45 WARN  :  [Hsi 55-1559] Software Design already exists with Name E:\Users\Q\lab4\lab4.sdk\standalone_bsp_0\system.mss
14:05:45 WARN  :  [Hsi 55-1559] Software Design already exists with Name E:\Users\Q\lab4\lab4.sdk\standalone_bsp_0\system.mss
 [Hsi 55-1559] Software Design already exists with Name E:\Users\Q\lab4\lab4.sdk\standalone_bsp_0\system.mss
14:06:04 WARN  :  [Hsi 55-1559] Software Design already exists with Name E:\Users\Q\lab4\lab4.sdk\standalone_bsp_0\system.mss
14:06:04 WARN  :  [Hsi 55-1559] Software Design already exists with Name E:\Users\Q\lab4\lab4.sdk\standalone_bsp_0\system.mss
14:06:04 WARN  :  [Hsi 55-1559] Software Design already exists with Name E:\Users\Q\lab4\lab4.sdk\standalone_bsp_0\system.mss
14:06:04 WARN  :  [Hsi 55-1559] Software Design already exists with Name E:\Users\Q\lab4\lab4.sdk\standalone_bsp_0\system.mss
 [Hsi 55-1559] Software Design already exists with Name E:\Users\Q\lab4\lab4.sdk\standalone_bsp_0\system.mss
14:06:17 INFO  : ps7_init is completed.
14:06:17 INFO  : ps7_post_config is completed.
14:06:17 INFO  : Processor reset is completed for ps7_cortexa9_0
14:06:55 WARN  :  [Hsi 55-1559] Software Design already exists with Name E:\Users\Q\lab4\lab4.sdk\standalone_bsp_0\system.mss
14:06:55 WARN  :  [Hsi 55-1559] Software Design already exists with Name E:\Users\Q\lab4\lab4.sdk\standalone_bsp_0\system.mss
14:06:55 WARN  :  [Hsi 55-1559] Software Design already exists with Name E:\Users\Q\lab4\lab4.sdk\standalone_bsp_0\system.mss
14:06:55 WARN  :  [Hsi 55-1559] Software Design already exists with Name E:\Users\Q\lab4\lab4.sdk\standalone_bsp_0\system.mss
 [Hsi 55-1559] Software Design already exists with Name E:\Users\Q\lab4\lab4.sdk\standalone_bsp_0\system.mss
14:07:02 INFO  : ps7_cortexa9_0 Processor is in use. Please stop existing Run or Debug sessions before launching.
14:07:04 INFO  : Processor reset is completed for ps7_cortexa9_0
14:09:20 INFO  : FPGA configured successfully with bitstream "E:/Users/Q/lab5/lab5.sdk/system_wrapper_hw_platform_0/system_wrapper.bit"
14:10:13 WARN  :  [Hsi 55-1559] Software Design already exists with Name E:\Users\Q\lab4\lab4.sdk\standalone_bsp_0\system.mss
14:10:13 WARN  :  [Hsi 55-1559] Software Design already exists with Name E:\Users\Q\lab4\lab4.sdk\standalone_bsp_0\system.mss
14:10:13 WARN  :  [Hsi 55-1559] Software Design already exists with Name E:\Users\Q\lab4\lab4.sdk\standalone_bsp_0\system.mss
14:10:13 WARN  :  [Hsi 55-1559] Software Design already exists with Name E:\Users\Q\lab4\lab4.sdk\standalone_bsp_0\system.mss
 [Hsi 55-1559] Software Design already exists with Name E:\Users\Q\lab4\lab4.sdk\standalone_bsp_0\system.mss
14:10:25 INFO  : Processor reset is completed for ps7_cortexa9_0
14:14:49 ERROR : Unexpected error while parsing XMD response ?: com.google.gson.JsonSyntaxException: com.google.gson.stream.MalformedJsonException: invalid number or unquoted string near 
