16:23:40 INFO  : Processing command line option -hwspec D:/Vivado/project_3/project_3.sdk/system_wrapper.hdf.
16:23:46 INFO  : Launching XSDB server: xsdb.bat -s E:/Xilinx/SDK/2014.3.1/scripts/xsdb/xsdb/xsdb-server.tcl 2450
16:26:41 INFO  : BSP Project P/standalone_bsp_0 has been successfully migrated.
17:09:10 INFO  : FPGA configured successfully with bitstream "D:/Vivado/project_3/project_3.sdk/system_wrapper_hw_platform_0/system_wrapper.bit"
17:09:29 INFO  : ps7_init is completed.
17:09:30 INFO  : ps7_post_config is completed.
17:09:30 INFO  : Processor reset is completed for ps7_cortexa9_0
17:11:12 INFO  : FPGA configured successfully with bitstream "D:/Vivado/project_3/project_3.sdk/system_wrapper_hw_platform_0/system_wrapper.bit"
17:14:41 INFO  : ps7_init is completed.
17:14:41 INFO  : ps7_post_config is completed.
17:14:42 INFO  : Processor reset is completed for ps7_cortexa9_0
17:21:20 INFO  : FPGA configured successfully with bitstream "D:/Vivado/project_3/project_3.sdk/system_wrapper_hw_platform_0/system_wrapper.bit"
17:21:40 INFO  : ps7_init is completed.
17:21:40 INFO  : ps7_post_config is completed.
17:21:40 INFO  : Processor reset is completed for ps7_cortexa9_0
17:26:38 INFO  : Processor reset is completed for ps7_cortexa9_0
17:27:00 INFO  : Processor reset is completed for ps7_cortexa9_0
17:36:59 INFO  : FPGA configured successfully with bitstream "D:/Vivado/project_3/project_3.sdk/system_wrapper_hw_platform_0/system_wrapper.bit"
17:37:19 INFO  : ps7_init is completed.
17:37:19 INFO  : ps7_post_config is completed.
17:37:19 INFO  : Processor reset is completed for ps7_cortexa9_0
17:38:25 INFO  : Processor reset is completed for ps7_cortexa9_0
17:39:03 INFO  : FPGA configured successfully with bitstream "D:/Vivado/project_3/project_3.sdk/system_wrapper_hw_platform_0/system_wrapper.bit"
17:39:25 INFO  : ps7_init is completed.
17:39:25 INFO  : ps7_post_config is completed.
17:39:26 INFO  : Processor reset is completed for ps7_cortexa9_0
17:45:11 INFO  : FPGA configured successfully with bitstream "D:/Vivado/project_3/project_3.sdk/system_wrapper_hw_platform_0/system_wrapper.bit"
17:47:00 INFO  : ps7_init is completed.
17:47:00 INFO  : ps7_post_config is completed.
17:47:00 INFO  : Processor reset is completed for ps7_cortexa9_0
17:59:29 INFO  : FPGA configured successfully with bitstream "D:/Vivado/project_3/project_3.sdk/system_wrapper_hw_platform_0/system_wrapper.bit"
17:59:54 INFO  : ps7_init is completed.
17:59:54 INFO  : ps7_post_config is completed.
17:59:55 INFO  : Processor reset is completed for ps7_cortexa9_0
18:01:39 INFO  : FPGA configured successfully with bitstream "D:/Vivado/project_3/project_3.sdk/system_wrapper_hw_platform_0/system_wrapper.bit"
18:01:57 INFO  : ps7_init is completed.
18:01:57 INFO  : ps7_post_config is completed.
18:01:57 INFO  : Processor reset is completed for ps7_cortexa9_0
18:03:51 INFO  : FPGA configured successfully with bitstream "D:/Vivado/project_3/project_3.sdk/system_wrapper_hw_platform_0/system_wrapper.bit"
18:04:51 INFO  : ps7_init is completed.
18:04:51 INFO  : ps7_post_config is completed.
18:04:51 INFO  : Processor reset is completed for ps7_cortexa9_0
18:07:12 INFO  : FPGA configured successfully with bitstream "D:/Vivado/project_3/project_3.sdk/system_wrapper_hw_platform_0/system_wrapper.bit"
18:08:23 INFO  : ps7_init is completed.
18:08:23 INFO  : ps7_post_config is completed.
18:08:23 INFO  : Processor reset is completed for ps7_cortexa9_0
18:08:57 INFO  : Processor reset is completed for ps7_cortexa9_0
18:09:32 INFO  : FPGA configured successfully with bitstream "D:/Vivado/project_3/project_3.sdk/system_wrapper_hw_platform_0/system_wrapper.bit"
18:09:41 INFO  : ps7_init is completed.
18:09:41 INFO  : ps7_post_config is completed.
18:09:41 INFO  : Processor reset is completed for ps7_cortexa9_0
18:13:10 INFO  : FPGA configured successfully with bitstream "D:/Vivado/project_3/project_3.sdk/system_wrapper_hw_platform_0/system_wrapper.bit"
18:13:36 INFO  : ps7_init is completed.
18:13:36 INFO  : ps7_post_config is completed.
18:13:36 INFO  : Processor reset is completed for ps7_cortexa9_0
18:14:55 INFO  : Processor reset is completed for ps7_cortexa9_0
18:16:35 INFO  : FPGA configured successfully with bitstream "D:/Vivado/project_3/project_3.sdk/system_wrapper_hw_platform_0/system_wrapper.bit"
18:16:52 INFO  : ps7_init is completed.
18:16:52 INFO  : ps7_post_config is completed.
18:16:52 INFO  : Processor reset is completed for ps7_cortexa9_0
18:19:39 INFO  : ps7_cortexa9_0 Processor is in use. Please stop existing Run or Debug sessions before launching.
18:19:41 INFO  : Processor reset is completed for ps7_cortexa9_0
18:19:55 INFO  : Processor reset is completed for ps7_cortexa9_0
18:21:50 INFO  : ps7_init is completed.
18:21:50 INFO  : ps7_post_config is completed.
18:21:50 INFO  : Processor reset is completed for ps7_cortexa9_0
18:23:20 INFO  : FPGA configured successfully with bitstream "D:/Vivado/project_3/project_3.sdk/system_wrapper_hw_platform_0/system_wrapper.bit"
18:23:32 INFO  : Processor reset is completed for ps7_cortexa9_0
18:24:32 INFO  : Time out for XMD transaction is 60000
If you want to increase the timeout value, goto Windows-> Preferences -> Xilinx SDK -> XMD Startup
18:24:32 ERROR : Timeout occured while waiting to get reply for command "xdownload 64 D:/Vivado/project_3/project_3.sdk/myproject/Debug/myproject.elf"
18:24:32 ERROR : Unexpected error while launching program.
java.lang.RuntimeException: 
	at com.xilinx.sdk.targetmanager.internal.TM.downloadELF(TM.java:666)
	at com.xilinx.sdk.debug.core.internal.AppRunner.run(AppRunner.java:129)
	at com.xilinx.sdk.debug.core.XilinxAppLaunchConfigurationDelegate.runApplication(XilinxAppLaunchConfigurationDelegate.java:526)
	at com.xilinx.sdk.debug.core.XilinxAppLaunchConfigurationDelegate.launch(XilinxAppLaunchConfigurationDelegate.java:254)
	at com.xilinx.sdk.debug.ui.XilinxAppLaunchDelegateWrapper.launch(XilinxAppLaunchDelegateWrapper.java:31)
	at org.eclipse.debug.internal.core.LaunchConfiguration.launch(LaunchConfiguration.java:858)
	at org.eclipse.debug.internal.core.LaunchConfiguration.launch(LaunchConfiguration.java:707)
	at org.eclipse.debug.internal.ui.DebugUIPlugin.buildAndLaunch(DebugUIPlugin.java:1018)
	at org.eclipse.debug.internal.ui.DebugUIPlugin$8.run(DebugUIPlugin.java:1222)
	at org.eclipse.core.internal.jobs.Worker.run(Worker.java:53)
18:25:09 ERROR : Unexpected error while parsing XMD response ?: com.google.gson.JsonSyntaxException: com.google.gson.stream.MalformedJsonException: invalid number or unquoted string near 
18:25:31 INFO  : Processing command line option -hwspec D:/Vivado/project_3/project_3.sdk/system_wrapper.hdf.
18:25:32 INFO  : Checking for hwspec changes in the project system_wrapper_hw_platform_0.
18:25:32 INFO  : Launching XSDB server: xsdb.bat -s E:/Xilinx/SDK/2014.3.1/scripts/xsdb/xsdb/xsdb-server.tcl 2450
18:26:13 INFO  : FPGA configured successfully with bitstream "D:/Vivado/project_3/project_3.sdk/system_wrapper_hw_platform_0/system_wrapper.bit"
18:26:44 ERROR : Unexpected error while launching program.
java.lang.RuntimeException: Error in Resetting Target

    Could not stop the processor after reset


	at com.xilinx.sdk.targetmanager.internal.TM.doProcessorReset(TM.java:991)
	at com.xilinx.sdk.debug.core.XilinxAppLaunchConfigurationDelegate.runTargetSetup(XilinxAppLaunchConfigurationDelegate.java:423)
	at com.xilinx.sdk.debug.core.XilinxAppLaunchConfigurationDelegate.runApplication(XilinxAppLaunchConfigurationDelegate.java:505)
	at com.xilinx.sdk.debug.core.XilinxAppLaunchConfigurationDelegate.launch(XilinxAppLaunchConfigurationDelegate.java:254)
	at com.xilinx.sdk.debug.ui.XilinxAppLaunchDelegateWrapper.launch(XilinxAppLaunchDelegateWrapper.java:31)
	at org.eclipse.debug.internal.core.LaunchConfiguration.launch(LaunchConfiguration.java:858)
	at org.eclipse.debug.internal.core.LaunchConfiguration.launch(LaunchConfiguration.java:707)
	at org.eclipse.debug.internal.ui.DebugUIPlugin.buildAndLaunch(DebugUIPlugin.java:1018)
	at org.eclipse.debug.internal.ui.DebugUIPlugin$8.run(DebugUIPlugin.java:1222)
	at org.eclipse.core.internal.jobs.Worker.run(Worker.java:53)
18:27:16 INFO  : FPGA configured successfully with bitstream "D:/Vivado/project_3/project_3.sdk/system_wrapper_hw_platform_0/system_wrapper.bit"
18:27:56 INFO  : ps7_init is completed.
18:27:56 INFO  : ps7_post_config is completed.
18:27:56 INFO  : Processor reset is completed for ps7_cortexa9_0
18:28:36 INFO  : Processor reset is completed for ps7_cortexa9_0
18:29:04 INFO  : Processor reset is completed for ps7_cortexa9_0
18:29:53 INFO  : Processor reset is completed for ps7_cortexa9_0
18:30:50 INFO  : Processor reset is completed for ps7_cortexa9_0
18:31:17 INFO  : Processor reset is completed for ps7_cortexa9_0
18:32:20 INFO  : Processor reset is completed for ps7_cortexa9_0
18:34:11 INFO  : Processor reset is completed for ps7_cortexa9_0
18:34:31 INFO  : Processor reset is completed for ps7_cortexa9_0
18:38:13 INFO  : FPGA configured successfully with bitstream "D:/Vivado/project_3/project_3.sdk/system_wrapper_hw_platform_0/system_wrapper.bit"
18:38:30 INFO  : ps7_init is completed.
18:38:30 INFO  : ps7_post_config is completed.
18:38:30 INFO  : Processor reset is completed for ps7_cortexa9_0
18:39:28 INFO  : Processor reset is completed for ps7_cortexa9_0
18:40:29 INFO  : Processor reset is completed for ps7_cortexa9_0
19:40:03 INFO  : FPGA configured successfully with bitstream "D:/Vivado/project_3/project_3.sdk/system_wrapper_hw_platform_0/system_wrapper.bit"
19:40:22 INFO  : ps7_init is completed.
19:40:22 INFO  : ps7_post_config is completed.
19:40:22 INFO  : Processor reset is completed for ps7_cortexa9_0
19:51:04 INFO  : Processor reset is completed for ps7_cortexa9_0
20:00:05 INFO  : FPGA configured successfully with bitstream "D:/Vivado/project_3/project_3.sdk/system_wrapper_hw_platform_0/system_wrapper.bit"
20:00:16 INFO  : ps7_init is completed.
20:00:16 INFO  : ps7_post_config is completed.
20:00:16 INFO  : Processor reset is completed for ps7_cortexa9_0
20:01:36 INFO  : Processor reset is completed for ps7_cortexa9_0
20:04:28 INFO  : Processor reset is completed for ps7_cortexa9_0
20:04:57 INFO  : Processor reset is completed for ps7_cortexa9_0
20:06:49 INFO  : Processor reset is completed for ps7_cortexa9_0
20:09:27 INFO  : Processor reset is completed for ps7_cortexa9_0
20:12:08 INFO  : Processor reset is completed for ps7_cortexa9_0
20:12:29 INFO  : Processor reset is completed for ps7_cortexa9_0
20:13:26 INFO  : Processor reset is completed for ps7_cortexa9_0
20:13:45 INFO  : Processor reset is completed for ps7_cortexa9_0
20:14:01 INFO  : Processor reset is completed for ps7_cortexa9_0
20:14:29 INFO  : Processor reset is completed for ps7_cortexa9_0
20:14:45 INFO  : Processor reset is completed for ps7_cortexa9_0
20:15:28 INFO  : FPGA configured successfully with bitstream "D:/Vivado/project_3/project_3.sdk/system_wrapper_hw_platform_0/system_wrapper.bit"
20:15:41 INFO  : ps7_init is completed.
20:15:41 INFO  : ps7_post_config is completed.
20:15:41 INFO  : Processor reset is completed for ps7_cortexa9_0
20:16:20 INFO  : Processor reset is completed for ps7_cortexa9_0
20:16:29 INFO  : ps7_cortexa9_0 Processor is in use. Please stop existing Run or Debug sessions before launching.
20:16:32 INFO  : Processor reset is completed for ps7_cortexa9_0
20:16:46 ERROR : Unable to disconnect from existing targets
java.lang.NullPointerException
	at com.xilinx.sdk.targetmanager.internal.json.XMDJSONProcess.issueCommand(XMDJSONProcess.java:144)
	at com.xilinx.sdk.targetmanager.internal.TM.disconnectTarget(TM.java:324)
	at com.xilinx.sdk.targetmanager.internal.TM.disconnectExistingTargets(TM.java:306)
	at com.xilinx.sdk.targetmanager.internal.TM.terminate(TM.java:210)
	at com.xilinx.sdk.targetmanager.TMPlugin.stop(TMPlugin.java:58)
	at org.eclipse.osgi.framework.internal.core.BundleContextImpl$2.run(BundleContextImpl.java:771)
	at java.security.AccessController.doPrivileged(Native Method)
	at org.eclipse.osgi.framework.internal.core.BundleContextImpl.stop(BundleContextImpl.java:764)
	at org.eclipse.osgi.framework.internal.core.BundleHost.stopWorker(BundleHost.java:510)
	at org.eclipse.osgi.framework.internal.core.AbstractBundle.suspend(AbstractBundle.java:566)
	at org.eclipse.osgi.framework.internal.core.Framework.suspendBundle(Framework.java:1206)
	at org.eclipse.osgi.framework.internal.core.StartLevelManager.decFWSL(StartLevelManager.java:592)
	at org.eclipse.osgi.framework.internal.core.StartLevelManager.doSetStartLevel(StartLevelManager.java:257)
	at org.eclipse.osgi.framework.internal.core.StartLevelManager.shutdown(StartLevelManager.java:215)
	at org.eclipse.osgi.framework.internal.core.InternalSystemBundle.suspend(InternalSystemBundle.java:284)
	at org.eclipse.osgi.framework.internal.core.Framework.shutdown(Framework.java:692)
	at org.eclipse.osgi.framework.internal.core.Framework.close(Framework.java:600)
	at org.eclipse.core.runtime.adaptor.EclipseStarter.shutdown(EclipseStarter.java:400)
	at org.eclipse.core.runtime.adaptor.EclipseStarter.run(EclipseStarter.java:200)
	at sun.reflect.NativeMethodAccessorImpl.invoke0(Native Method)
	at sun.reflect.NativeMethodAccessorImpl.invoke(Unknown Source)
	at sun.reflect.DelegatingMethodAccessorImpl.invoke(Unknown Source)
	at java.lang.reflect.Method.invoke(Unknown Source)
	at org.eclipse.equinox.launcher.Main.invokeFramework(Main.java:636)
	at org.eclipse.equinox.launcher.Main.basicRun(Main.java:591)
	at org.eclipse.equinox.launcher.Main.run(Main.java:1450)
20:16:46 ERROR : Unexpected error while parsing XMD response ?: com.google.gson.JsonSyntaxException: com.google.gson.stream.MalformedJsonException: invalid number or unquoted string near 
20:17:07 INFO  : Processing command line option -hwspec D:/Vivado/project_3/project_3.sdk/system_wrapper.hdf.
20:17:08 INFO  : Checking for hwspec changes in the project system_wrapper_hw_platform_0.
20:17:09 INFO  : Launching XSDB server: xsdb.bat -s E:/Xilinx/SDK/2014.3.1/scripts/xsdb/xsdb/xsdb-server.tcl 2450
20:17:44 INFO  : Processor reset is completed for ps7_cortexa9_0
20:19:12 INFO  : ps7_cortexa9_0 Processor is in use. Please stop existing Run or Debug sessions before launching.
20:19:14 INFO  : Processor reset is completed for ps7_cortexa9_0
20:24:39 INFO  : Processor reset is completed for ps7_cortexa9_0
20:25:08 INFO  : Processor reset is completed for ps7_cortexa9_0
20:26:36 INFO  : Processor reset is completed for ps7_cortexa9_0
20:26:49 INFO  : ps7_cortexa9_0 Processor is in use. Please stop existing Run or Debug sessions before launching.
20:26:51 INFO  : Processor reset is completed for ps7_cortexa9_0
20:26:59 ERROR : Unable to disconnect from existing targets
java.lang.NullPointerException
	at com.xilinx.sdk.targetmanager.internal.json.XMDJSONProcess.issueCommand(XMDJSONProcess.java:144)
	at com.xilinx.sdk.targetmanager.internal.TM.disconnectTarget(TM.java:324)
	at com.xilinx.sdk.targetmanager.internal.TM.disconnectExistingTargets(TM.java:306)
	at com.xilinx.sdk.targetmanager.internal.TM.terminate(TM.java:210)
	at com.xilinx.sdk.targetmanager.TMPlugin.stop(TMPlugin.java:58)
	at org.eclipse.osgi.framework.internal.core.BundleContextImpl$2.run(BundleContextImpl.java:771)
	at java.security.AccessController.doPrivileged(Native Method)
	at org.eclipse.osgi.framework.internal.core.BundleContextImpl.stop(BundleContextImpl.java:764)
	at org.eclipse.osgi.framework.internal.core.BundleHost.stopWorker(BundleHost.java:510)
	at org.eclipse.osgi.framework.internal.core.AbstractBundle.suspend(AbstractBundle.java:566)
	at org.eclipse.osgi.framework.internal.core.Framework.suspendBundle(Framework.java:1206)
	at org.eclipse.osgi.framework.internal.core.StartLevelManager.decFWSL(StartLevelManager.java:592)
	at org.eclipse.osgi.framework.internal.core.StartLevelManager.doSetStartLevel(StartLevelManager.java:257)
	at org.eclipse.osgi.framework.internal.core.StartLevelManager.shutdown(StartLevelManager.java:215)
	at org.eclipse.osgi.framework.internal.core.InternalSystemBundle.suspend(InternalSystemBundle.java:284)
	at org.eclipse.osgi.framework.internal.core.Framework.shutdown(Framework.java:692)
	at org.eclipse.osgi.framework.internal.core.Framework.close(Framework.java:600)
	at org.eclipse.core.runtime.adaptor.EclipseStarter.shutdown(EclipseStarter.java:400)
	at org.eclipse.core.runtime.adaptor.EclipseStarter.run(EclipseStarter.java:200)
	at sun.reflect.NativeMethodAccessorImpl.invoke0(Native Method)
	at sun.reflect.NativeMethodAccessorImpl.invoke(Unknown Source)
	at sun.reflect.DelegatingMethodAccessorImpl.invoke(Unknown Source)
	at java.lang.reflect.Method.invoke(Unknown Source)
	at org.eclipse.equinox.launcher.Main.invokeFramework(Main.java:636)
	at org.eclipse.equinox.launcher.Main.basicRun(Main.java:591)
	at org.eclipse.equinox.launcher.Main.run(Main.java:1450)
20:26:59 ERROR : Unexpected error while parsing XMD response ?: com.google.gson.JsonSyntaxException: com.google.gson.stream.MalformedJsonException: invalid number or unquoted string near 
20:27:16 INFO  : Processing command line option -hwspec D:/Vivado/project_3/project_3.sdk/system_wrapper.hdf.
20:27:17 INFO  : Checking for hwspec changes in the project system_wrapper_hw_platform_0.
20:27:18 INFO  : Launching XSDB server: xsdb.bat -s E:/Xilinx/SDK/2014.3.1/scripts/xsdb/xsdb/xsdb-server.tcl 2450
20:27:30 INFO  : Processor reset is completed for ps7_cortexa9_0
20:28:05 INFO  : FPGA configured successfully with bitstream "D:/Vivado/project_3/project_3.sdk/system_wrapper_hw_platform_0/system_wrapper.bit"
20:28:16 INFO  : ps7_init is completed.
20:28:16 INFO  : ps7_post_config is completed.
20:28:16 INFO  : Processor reset is completed for ps7_cortexa9_0
20:28:34 INFO  : ps7_cortexa9_0 Processor is in use. Please stop existing Run or Debug sessions before launching.
20:28:36 INFO  : Processor reset is completed for ps7_cortexa9_0
20:28:51 INFO  : Processor reset is completed for ps7_cortexa9_0
20:33:54 INFO  : FPGA configured successfully with bitstream "D:/Vivado/project_3/project_3.sdk/system_wrapper_hw_platform_0/system_wrapper.bit"
20:34:59 INFO  : ps7_init is completed.
20:34:59 INFO  : ps7_post_config is completed.
20:34:59 INFO  : Processor reset is completed for ps7_cortexa9_0
20:35:14 INFO  : Processor reset is completed for ps7_cortexa9_0
20:35:34 INFO  : FPGA configured successfully with bitstream "D:/Vivado/project_3/project_3.sdk/system_wrapper_hw_platform_0/system_wrapper.bit"
20:35:53 INFO  : ps7_init is completed.
20:35:53 INFO  : ps7_post_config is completed.
20:35:53 INFO  : Processor reset is completed for ps7_cortexa9_0
20:41:46 INFO  : Processor reset is completed for ps7_cortexa9_0
20:42:52 INFO  : Processor reset is completed for ps7_cortexa9_0
20:43:07 INFO  : Processor reset is completed for ps7_cortexa9_0
20:44:11 INFO  : Processor reset is completed for ps7_cortexa9_0
20:44:23 INFO  : Processor reset is completed for ps7_cortexa9_0
20:44:43 INFO  : Processor reset is completed for ps7_cortexa9_0
20:48:58 INFO  : Processor reset is completed for ps7_cortexa9_0
20:49:21 INFO  : Processor reset is completed for ps7_cortexa9_0
20:52:47 INFO  : Processor reset is completed for ps7_cortexa9_0
20:53:54 INFO  : Processor reset is completed for ps7_cortexa9_0
21:18:44 INFO  : Processor reset is completed for ps7_cortexa9_0
21:26:37 INFO  : Processor reset is completed for ps7_cortexa9_0
21:28:58 INFO  : Processor reset is completed for ps7_cortexa9_0
21:35:35 INFO  : Processor reset is completed for ps7_cortexa9_0
21:35:53 INFO  : Processor reset is completed for ps7_cortexa9_0
21:40:10 INFO  : Processor reset is completed for ps7_cortexa9_0
21:40:23 INFO  : Processor reset is completed for ps7_cortexa9_0
21:40:40 INFO  : Processor reset is completed for ps7_cortexa9_0
21:41:09 INFO  : FPGA configured successfully with bitstream "D:/Vivado/project_3/project_3.sdk/system_wrapper_hw_platform_0/system_wrapper.bit"
21:41:18 INFO  : ps7_init is completed.
21:41:18 INFO  : ps7_post_config is completed.
21:41:19 INFO  : Processor reset is completed for ps7_cortexa9_0
21:42:42 ERROR : Unexpected error while launching program.
java.lang.RuntimeException: Error while running ps7_init method.
No Target with ID 64 in the System


	at com.xilinx.sdk.targetmanager.internal.TM.run_ps7_init(TM.java:1069)
	at com.xilinx.sdk.debug.core.XilinxAppLaunchConfigurationDelegate.runTargetSetup(XilinxAppLaunchConfigurationDelegate.java:403)
	at com.xilinx.sdk.debug.core.XilinxAppLaunchConfigurationDelegate.runApplication(XilinxAppLaunchConfigurationDelegate.java:505)
	at com.xilinx.sdk.debug.core.XilinxAppLaunchConfigurationDelegate.launch(XilinxAppLaunchConfigurationDelegate.java:254)
	at com.xilinx.sdk.debug.ui.XilinxAppLaunchDelegateWrapper.launch(XilinxAppLaunchDelegateWrapper.java:31)
	at org.eclipse.debug.internal.core.LaunchConfiguration.launch(LaunchConfiguration.java:858)
	at org.eclipse.debug.internal.core.LaunchConfiguration.launch(LaunchConfiguration.java:707)
	at org.eclipse.debug.internal.ui.DebugUIPlugin.buildAndLaunch(DebugUIPlugin.java:1018)
	at org.eclipse.debug.internal.ui.DebugUIPlugin$8.run(DebugUIPlugin.java:1222)
	at org.eclipse.core.internal.jobs.Worker.run(Worker.java:53)
21:42:58 INFO  : Time out for XMD transaction is 60000
If you want to increase the timeout value, goto Windows-> Preferences -> Xilinx SDK -> XMD Startup
21:42:58 ERROR : Timeout occured while waiting to get reply for command "xdisconnect 64"
21:42:58 ERROR : Disconnect target failed.
21:42:58 ERROR : Disconnect target failed.No Target with ID 64 in the System


21:43:12 ERROR : Unexpected error while launching program.
java.lang.RuntimeException: Error while running ps7_init method.
No Target with ID 64 in the System


	at com.xilinx.sdk.targetmanager.internal.TM.run_ps7_init(TM.java:1069)
	at com.xilinx.sdk.debug.core.XilinxAppLaunchConfigurationDelegate.runTargetSetup(XilinxAppLaunchConfigurationDelegate.java:403)
	at com.xilinx.sdk.debug.core.XilinxAppLaunchConfigurationDelegate.runApplication(XilinxAppLaunchConfigurationDelegate.java:505)
	at com.xilinx.sdk.debug.core.XilinxAppLaunchConfigurationDelegate.launch(XilinxAppLaunchConfigurationDelegate.java:254)
	at com.xilinx.sdk.debug.ui.XilinxAppLaunchDelegateWrapper.launch(XilinxAppLaunchDelegateWrapper.java:31)
	at org.eclipse.debug.internal.core.LaunchConfiguration.launch(LaunchConfiguration.java:858)
	at org.eclipse.debug.internal.core.LaunchConfiguration.launch(LaunchConfiguration.java:707)
	at org.eclipse.debug.internal.ui.DebugUIPlugin.buildAndLaunch(DebugUIPlugin.java:1018)
	at org.eclipse.debug.internal.ui.DebugUIPlugin$8.run(DebugUIPlugin.java:1222)
	at org.eclipse.core.internal.jobs.Worker.run(Worker.java:53)
21:43:12 ERROR : Disconnect target failed.No Target with ID 64 in the System


21:43:16 ERROR : Unable to disconnect from existing targets
java.lang.NullPointerException
	at com.xilinx.sdk.targetmanager.internal.json.XMDJSONProcess.issueCommand(XMDJSONProcess.java:144)
	at com.xilinx.sdk.targetmanager.internal.TM.disconnectTarget(TM.java:324)
	at com.xilinx.sdk.targetmanager.internal.TM.disconnectExistingTargets(TM.java:306)
	at com.xilinx.sdk.targetmanager.internal.TM.terminate(TM.java:210)
	at com.xilinx.sdk.targetmanager.TMPlugin.stop(TMPlugin.java:58)
	at org.eclipse.osgi.framework.internal.core.BundleContextImpl$2.run(BundleContextImpl.java:771)
	at java.security.AccessController.doPrivileged(Native Method)
	at org.eclipse.osgi.framework.internal.core.BundleContextImpl.stop(BundleContextImpl.java:764)
	at org.eclipse.osgi.framework.internal.core.BundleHost.stopWorker(BundleHost.java:510)
	at org.eclipse.osgi.framework.internal.core.AbstractBundle.suspend(AbstractBundle.java:566)
	at org.eclipse.osgi.framework.internal.core.Framework.suspendBundle(Framework.java:1206)
	at org.eclipse.osgi.framework.internal.core.StartLevelManager.decFWSL(StartLevelManager.java:592)
	at org.eclipse.osgi.framework.internal.core.StartLevelManager.doSetStartLevel(StartLevelManager.java:257)
	at org.eclipse.osgi.framework.internal.core.StartLevelManager.shutdown(StartLevelManager.java:215)
	at org.eclipse.osgi.framework.internal.core.InternalSystemBundle.suspend(InternalSystemBundle.java:284)
	at org.eclipse.osgi.framework.internal.core.Framework.shutdown(Framework.java:692)
	at org.eclipse.osgi.framework.internal.core.Framework.close(Framework.java:600)
	at org.eclipse.core.runtime.adaptor.EclipseStarter.shutdown(EclipseStarter.java:400)
	at org.eclipse.core.runtime.adaptor.EclipseStarter.run(EclipseStarter.java:200)
	at sun.reflect.NativeMethodAccessorImpl.invoke0(Native Method)
	at sun.reflect.NativeMethodAccessorImpl.invoke(Unknown Source)
	at sun.reflect.DelegatingMethodAccessorImpl.invoke(Unknown Source)
	at java.lang.reflect.Method.invoke(Unknown Source)
	at org.eclipse.equinox.launcher.Main.invokeFramework(Main.java:636)
	at org.eclipse.equinox.launcher.Main.basicRun(Main.java:591)
	at org.eclipse.equinox.launcher.Main.run(Main.java:1450)
21:43:17 ERROR : Unexpected error while parsing XMD response ?: com.google.gson.JsonSyntaxException: com.google.gson.stream.MalformedJsonException: invalid number or unquoted string near 
21:43:32 INFO  : Processing command line option -hwspec D:/Vivado/project_3/project_3.sdk/system_wrapper.hdf.
21:43:33 INFO  : Checking for hwspec changes in the project system_wrapper_hw_platform_0.
21:43:33 INFO  : Launching XSDB server: xsdb.bat -s E:/Xilinx/SDK/2014.3.1/scripts/xsdb/xsdb/xsdb-server.tcl 2450
21:43:58 INFO  : Processor reset is completed for ps7_cortexa9_0
21:46:47 INFO  : Processor reset is completed for ps7_cortexa9_0
21:47:07 INFO  : Processor reset is completed for ps7_cortexa9_0
21:47:32 INFO  : Processor reset is completed for ps7_cortexa9_0
21:47:55 INFO  : Processor reset is completed for ps7_cortexa9_0
21:48:12 INFO  : Processor reset is completed for ps7_cortexa9_0
21:48:50 INFO  : FPGA configured successfully with bitstream "D:/Vivado/project_3/project_3.sdk/system_wrapper_hw_platform_0/system_wrapper.bit"
21:49:15 INFO  : ps7_init is completed.
21:49:15 INFO  : ps7_post_config is completed.
21:49:16 INFO  : Processor reset is completed for ps7_cortexa9_0
21:49:43 INFO  : Processor reset is completed for ps7_cortexa9_0
21:50:09 INFO  : Processor reset is completed for ps7_cortexa9_0
21:50:23 ERROR : Unable to disconnect from existing targets
java.lang.NullPointerException
	at com.xilinx.sdk.targetmanager.internal.json.XMDJSONProcess.issueCommand(XMDJSONProcess.java:144)
	at com.xilinx.sdk.targetmanager.internal.TM.disconnectTarget(TM.java:324)
	at com.xilinx.sdk.targetmanager.internal.TM.disconnectExistingTargets(TM.java:306)
	at com.xilinx.sdk.targetmanager.internal.TM.terminate(TM.java:210)
	at com.xilinx.sdk.targetmanager.TMPlugin.stop(TMPlugin.java:58)
	at org.eclipse.osgi.framework.internal.core.BundleContextImpl$2.run(BundleContextImpl.java:771)
	at java.security.AccessController.doPrivileged(Native Method)
	at org.eclipse.osgi.framework.internal.core.BundleContextImpl.stop(BundleContextImpl.java:764)
	at org.eclipse.osgi.framework.internal.core.BundleHost.stopWorker(BundleHost.java:510)
	at org.eclipse.osgi.framework.internal.core.AbstractBundle.suspend(AbstractBundle.java:566)
	at org.eclipse.osgi.framework.internal.core.Framework.suspendBundle(Framework.java:1206)
	at org.eclipse.osgi.framework.internal.core.StartLevelManager.decFWSL(StartLevelManager.java:592)
	at org.eclipse.osgi.framework.internal.core.StartLevelManager.doSetStartLevel(StartLevelManager.java:257)
	at org.eclipse.osgi.framework.internal.core.StartLevelManager.shutdown(StartLevelManager.java:215)
	at org.eclipse.osgi.framework.internal.core.InternalSystemBundle.suspend(InternalSystemBundle.java:284)
	at org.eclipse.osgi.framework.internal.core.Framework.shutdown(Framework.java:692)
	at org.eclipse.osgi.framework.internal.core.Framework.close(Framework.java:600)
	at org.eclipse.core.runtime.adaptor.EclipseStarter.shutdown(EclipseStarter.java:400)
	at org.eclipse.core.runtime.adaptor.EclipseStarter.run(EclipseStarter.java:200)
	at sun.reflect.NativeMethodAccessorImpl.invoke0(Native Method)
	at sun.reflect.NativeMethodAccessorImpl.invoke(Unknown Source)
	at sun.reflect.DelegatingMethodAccessorImpl.invoke(Unknown Source)
	at java.lang.reflect.Method.invoke(Unknown Source)
	at org.eclipse.equinox.launcher.Main.invokeFramework(Main.java:636)
	at org.eclipse.equinox.launcher.Main.basicRun(Main.java:591)
	at org.eclipse.equinox.launcher.Main.run(Main.java:1450)
21:50:23 ERROR : Unexpected error while parsing XMD response ?: com.google.gson.JsonSyntaxException: com.google.gson.stream.MalformedJsonException: invalid number or unquoted string near 
21:50:38 INFO  : Processing command line option -hwspec D:/Vivado/project_3/project_3.sdk/system_wrapper.hdf.
21:50:38 INFO  : Checking for hwspec changes in the project system_wrapper_hw_platform_0.
21:50:39 INFO  : Launching XSDB server: xsdb.bat -s E:/Xilinx/SDK/2014.3.1/scripts/xsdb/xsdb/xsdb-server.tcl 2450
21:50:58 INFO  : Processor reset is completed for ps7_cortexa9_0
21:51:35 INFO  : FPGA configured successfully with bitstream "D:/Vivado/project_3/project_3.sdk/system_wrapper_hw_platform_0/system_wrapper.bit"
21:51:52 INFO  : ps7_init is completed.
21:51:52 INFO  : ps7_post_config is completed.
21:51:53 INFO  : Processor reset is completed for ps7_cortexa9_0
21:52:19 INFO  : Processor reset is completed for ps7_cortexa9_0
21:52:32 INFO  : Processor reset is completed for ps7_cortexa9_0
21:52:53 ERROR : Unable to disconnect from existing targets
java.lang.NullPointerException
	at com.xilinx.sdk.targetmanager.internal.json.XMDJSONProcess.issueCommand(XMDJSONProcess.java:144)
	at com.xilinx.sdk.targetmanager.internal.TM.disconnectTarget(TM.java:324)
	at com.xilinx.sdk.targetmanager.internal.TM.disconnectExistingTargets(TM.java:306)
	at com.xilinx.sdk.targetmanager.internal.TM.terminate(TM.java:210)
	at com.xilinx.sdk.targetmanager.TMPlugin.stop(TMPlugin.java:58)
	at org.eclipse.osgi.framework.internal.core.BundleContextImpl$2.run(BundleContextImpl.java:771)
	at java.security.AccessController.doPrivileged(Native Method)
	at org.eclipse.osgi.framework.internal.core.BundleContextImpl.stop(BundleContextImpl.java:764)
	at org.eclipse.osgi.framework.internal.core.BundleHost.stopWorker(BundleHost.java:510)
	at org.eclipse.osgi.framework.internal.core.AbstractBundle.suspend(AbstractBundle.java:566)
	at org.eclipse.osgi.framework.internal.core.Framework.suspendBundle(Framework.java:1206)
	at org.eclipse.osgi.framework.internal.core.StartLevelManager.decFWSL(StartLevelManager.java:592)
	at org.eclipse.osgi.framework.internal.core.StartLevelManager.doSetStartLevel(StartLevelManager.java:257)
	at org.eclipse.osgi.framework.internal.core.StartLevelManager.shutdown(StartLevelManager.java:215)
	at org.eclipse.osgi.framework.internal.core.InternalSystemBundle.suspend(InternalSystemBundle.java:284)
	at org.eclipse.osgi.framework.internal.core.Framework.shutdown(Framework.java:692)
	at org.eclipse.osgi.framework.internal.core.Framework.close(Framework.java:600)
	at org.eclipse.core.runtime.adaptor.EclipseStarter.shutdown(EclipseStarter.java:400)
	at org.eclipse.core.runtime.adaptor.EclipseStarter.run(EclipseStarter.java:200)
	at sun.reflect.NativeMethodAccessorImpl.invoke0(Native Method)
	at sun.reflect.NativeMethodAccessorImpl.invoke(Unknown Source)
	at sun.reflect.DelegatingMethodAccessorImpl.invoke(Unknown Source)
	at java.lang.reflect.Method.invoke(Unknown Source)
	at org.eclipse.equinox.launcher.Main.invokeFramework(Main.java:636)
	at org.eclipse.equinox.launcher.Main.basicRun(Main.java:591)
	at org.eclipse.equinox.launcher.Main.run(Main.java:1450)
21:52:53 ERROR : Unexpected error while parsing XMD response ?: com.google.gson.JsonSyntaxException: com.google.gson.stream.MalformedJsonException: invalid number or unquoted string near 
22:00:29 INFO  : Processing command line option -hwspec D:/Vivado/project_3/project_3.sdk/system_wrapper.hdf.
22:00:32 INFO  : Checking for hwspec changes in the project system_wrapper_hw_platform_0.
22:00:32 INFO  : Launching XSDB server: xsdb.bat -s E:/Xilinx/SDK/2014.3.1/scripts/xsdb/xsdb/xsdb-server.tcl 2450
22:01:42 INFO  : FPGA configured successfully with bitstream "D:/Vivado/project_3/project_3.sdk/system_wrapper_hw_platform_0/system_wrapper.bit"
22:01:54 INFO  : ps7_init is completed.
22:01:54 INFO  : ps7_post_config is completed.
22:01:54 INFO  : Processor reset is completed for ps7_cortexa9_0
22:02:48 INFO  : Processor reset is completed for ps7_cortexa9_0
22:03:04 INFO  : Processor reset is completed for ps7_cortexa9_0
22:03:27 INFO  : Processor reset is completed for ps7_cortexa9_0
22:03:55 INFO  : FPGA configured successfully with bitstream "D:/Vivado/project_3/project_3.sdk/system_wrapper_hw_platform_0/system_wrapper.bit"
22:04:12 INFO  : Processor reset is completed for ps7_cortexa9_0
22:04:40 INFO  : Processor reset is completed for ps7_cortexa9_0
22:05:22 INFO  : FPGA configured successfully with bitstream "D:/Vivado/project_3/project_3.sdk/system_wrapper_hw_platform_0/system_wrapper.bit"
22:05:29 INFO  : Processor reset is completed for ps7_cortexa9_0
22:05:57 INFO  : ps7_cortexa9_0 Processor is in use. Please stop existing Run or Debug sessions before launching.
22:05:59 INFO  : Processor reset is completed for ps7_cortexa9_0
22:07:06 INFO  : ps7_cortexa9_0 Processor is in use. Please stop existing Run or Debug sessions before launching.
22:07:08 INFO  : Processor reset is completed for ps7_cortexa9_0
22:07:22 INFO  : Processor reset is completed for ps7_cortexa9_0
22:07:39 INFO  : Processor reset is completed for ps7_cortexa9_0
22:07:54 ERROR : Unable to disconnect from existing targets
java.lang.NullPointerException
	at com.xilinx.sdk.targetmanager.internal.json.XMDJSONProcess.issueCommand(XMDJSONProcess.java:144)
	at com.xilinx.sdk.targetmanager.internal.TM.disconnectTarget(TM.java:324)
	at com.xilinx.sdk.targetmanager.internal.TM.disconnectExistingTargets(TM.java:306)
	at com.xilinx.sdk.targetmanager.internal.TM.terminate(TM.java:210)
	at com.xilinx.sdk.targetmanager.TMPlugin.stop(TMPlugin.java:58)
	at org.eclipse.osgi.framework.internal.core.BundleContextImpl$2.run(BundleContextImpl.java:771)
	at java.security.AccessController.doPrivileged(Native Method)
	at org.eclipse.osgi.framework.internal.core.BundleContextImpl.stop(BundleContextImpl.java:764)
	at org.eclipse.osgi.framework.internal.core.BundleHost.stopWorker(BundleHost.java:510)
	at org.eclipse.osgi.framework.internal.core.AbstractBundle.suspend(AbstractBundle.java:566)
	at org.eclipse.osgi.framework.internal.core.Framework.suspendBundle(Framework.java:1206)
	at org.eclipse.osgi.framework.internal.core.StartLevelManager.decFWSL(StartLevelManager.java:592)
	at org.eclipse.osgi.framework.internal.core.StartLevelManager.doSetStartLevel(StartLevelManager.java:257)
	at org.eclipse.osgi.framework.internal.core.StartLevelManager.shutdown(StartLevelManager.java:215)
	at org.eclipse.osgi.framework.internal.core.InternalSystemBundle.suspend(InternalSystemBundle.java:284)
	at org.eclipse.osgi.framework.internal.core.Framework.shutdown(Framework.java:692)
	at org.eclipse.osgi.framework.internal.core.Framework.close(Framework.java:600)
	at org.eclipse.core.runtime.adaptor.EclipseStarter.shutdown(EclipseStarter.java:400)
	at org.eclipse.core.runtime.adaptor.EclipseStarter.run(EclipseStarter.java:200)
	at sun.reflect.NativeMethodAccessorImpl.invoke0(Native Method)
	at sun.reflect.NativeMethodAccessorImpl.invoke(Unknown Source)
	at sun.reflect.DelegatingMethodAccessorImpl.invoke(Unknown Source)
	at java.lang.reflect.Method.invoke(Unknown Source)
	at org.eclipse.equinox.launcher.Main.invokeFramework(Main.java:636)
	at org.eclipse.equinox.launcher.Main.basicRun(Main.java:591)
	at org.eclipse.equinox.launcher.Main.run(Main.java:1450)
22:07:54 ERROR : Unexpected error while parsing XMD response ?: com.google.gson.JsonSyntaxException: com.google.gson.stream.MalformedJsonException: invalid number or unquoted string near 
22:08:11 INFO  : Processing command line option -hwspec D:/Vivado/project_3/project_3.sdk/system_wrapper.hdf.
22:08:13 INFO  : Checking for hwspec changes in the project system_wrapper_hw_platform_0.
22:08:13 INFO  : Launching XSDB server: xsdb.bat -s E:/Xilinx/SDK/2014.3.1/scripts/xsdb/xsdb/xsdb-server.tcl 2450
22:11:12 INFO  : Processor reset is completed for ps7_cortexa9_0
22:12:23 INFO  : ps7_cortexa9_0 Processor is in use. Please stop existing Run or Debug sessions before launching.
22:12:25 INFO  : Processor reset is completed for ps7_cortexa9_0
22:12:44 INFO  : Processor reset is completed for ps7_cortexa9_0
22:13:40 INFO  : Processor reset is completed for ps7_cortexa9_0
22:13:52 INFO  : Processor reset is completed for ps7_cortexa9_0
22:14:39 INFO  : FPGA configured successfully with bitstream "D:/Vivado/project_3/project_3.sdk/system_wrapper_hw_platform_0/system_wrapper.bit"
22:15:00 INFO  : ps7_init is completed.
22:15:00 INFO  : ps7_post_config is completed.
22:15:00 INFO  : Processor reset is completed for ps7_cortexa9_0
22:16:21 INFO  : ps7_cortexa9_0 Processor is in use. Please stop existing Run or Debug sessions before launching.
22:16:22 INFO  : Processor reset is completed for ps7_cortexa9_0
22:16:34 INFO  : Processor reset is completed for ps7_cortexa9_0
22:17:06 INFO  : ps7_cortexa9_0 Processor is in use. Please stop existing Run or Debug sessions before launching.
22:17:21 INFO  : ps7_cortexa9_0 Processor is in use. Please stop existing Run or Debug sessions before launching.
22:17:23 INFO  : Processor reset is completed for ps7_cortexa9_0
22:17:37 INFO  : Processor reset is completed for ps7_cortexa9_0
22:17:50 INFO  : Processor reset is completed for ps7_cortexa9_0
22:18:00 ERROR : Unable to disconnect from existing targets
java.lang.NullPointerException
	at com.xilinx.sdk.targetmanager.internal.json.XMDJSONProcess.issueCommand(XMDJSONProcess.java:144)
	at com.xilinx.sdk.targetmanager.internal.TM.disconnectTarget(TM.java:324)
	at com.xilinx.sdk.targetmanager.internal.TM.disconnectExistingTargets(TM.java:306)
	at com.xilinx.sdk.targetmanager.internal.TM.terminate(TM.java:210)
	at com.xilinx.sdk.targetmanager.TMPlugin.stop(TMPlugin.java:58)
	at org.eclipse.osgi.framework.internal.core.BundleContextImpl$2.run(BundleContextImpl.java:771)
	at java.security.AccessController.doPrivileged(Native Method)
	at org.eclipse.osgi.framework.internal.core.BundleContextImpl.stop(BundleContextImpl.java:764)
	at org.eclipse.osgi.framework.internal.core.BundleHost.stopWorker(BundleHost.java:510)
	at org.eclipse.osgi.framework.internal.core.AbstractBundle.suspend(AbstractBundle.java:566)
	at org.eclipse.osgi.framework.internal.core.Framework.suspendBundle(Framework.java:1206)
	at org.eclipse.osgi.framework.internal.core.StartLevelManager.decFWSL(StartLevelManager.java:592)
	at org.eclipse.osgi.framework.internal.core.StartLevelManager.doSetStartLevel(StartLevelManager.java:257)
	at org.eclipse.osgi.framework.internal.core.StartLevelManager.shutdown(StartLevelManager.java:215)
	at org.eclipse.osgi.framework.internal.core.InternalSystemBundle.suspend(InternalSystemBundle.java:284)
	at org.eclipse.osgi.framework.internal.core.Framework.shutdown(Framework.java:692)
	at org.eclipse.osgi.framework.internal.core.Framework.close(Framework.java:600)
	at org.eclipse.core.runtime.adaptor.EclipseStarter.shutdown(EclipseStarter.java:400)
	at org.eclipse.core.runtime.adaptor.EclipseStarter.run(EclipseStarter.java:200)
	at sun.reflect.NativeMethodAccessorImpl.invoke0(Native Method)
	at sun.reflect.NativeMethodAccessorImpl.invoke(Unknown Source)
	at sun.reflect.DelegatingMethodAccessorImpl.invoke(Unknown Source)
	at java.lang.reflect.Method.invoke(Unknown Source)
	at org.eclipse.equinox.launcher.Main.invokeFramework(Main.java:636)
	at org.eclipse.equinox.launcher.Main.basicRun(Main.java:591)
	at org.eclipse.equinox.launcher.Main.run(Main.java:1450)
22:18:00 ERROR : Unexpected error while parsing XMD response ?: com.google.gson.JsonSyntaxException: com.google.gson.stream.MalformedJsonException: invalid number or unquoted string near 
22:18:13 INFO  : Processing command line option -hwspec D:/Vivado/project_3/project_3.sdk/system_wrapper.hdf.
22:18:15 INFO  : Checking for hwspec changes in the project system_wrapper_hw_platform_0.
22:18:15 INFO  : Launching XSDB server: xsdb.bat -s E:/Xilinx/SDK/2014.3.1/scripts/xsdb/xsdb/xsdb-server.tcl 2450
22:19:09 INFO  : FPGA configured successfully with bitstream "D:/Vivado/project_3/project_3.sdk/system_wrapper_hw_platform_0/system_wrapper.bit"
22:19:22 INFO  : ps7_init is completed.
22:19:22 INFO  : ps7_post_config is completed.
22:19:23 INFO  : Processor reset is completed for ps7_cortexa9_0
22:20:05 INFO  : Processor reset is completed for ps7_cortexa9_0
22:22:02 INFO  : ps7_cortexa9_0 Processor is in use. Please stop existing Run or Debug sessions before launching.
22:22:04 INFO  : Processor reset is completed for ps7_cortexa9_0
22:25:47 INFO  : Processor reset is completed for ps7_cortexa9_0
22:25:57 INFO  : ps7_cortexa9_0 Processor is in use. Please stop existing Run or Debug sessions before launching.
22:25:59 INFO  : Processor reset is completed for ps7_cortexa9_0
22:26:13 INFO  : Processor reset is completed for ps7_cortexa9_0
22:26:29 INFO  : Processor reset is completed for ps7_cortexa9_0
22:26:46 INFO  : Processor reset is completed for ps7_cortexa9_0
22:27:12 INFO  : FPGA configured successfully with bitstream "D:/Vivado/project_3/project_3.sdk/system_wrapper_hw_platform_0/system_wrapper.bit"
22:27:22 INFO  : ps7_init is completed.
22:27:22 INFO  : ps7_post_config is completed.
22:27:23 INFO  : Processor reset is completed for ps7_cortexa9_0
22:27:45 INFO  : Processor reset is completed for ps7_cortexa9_0
22:28:03 ERROR : Unexpected error while parsing XMD response ?: com.google.gson.JsonSyntaxException: com.google.gson.stream.MalformedJsonException: invalid number or unquoted string near 
22:28:13 INFO  : Processing command line option -hwspec D:/Vivado/project_3/project_3.sdk/system_wrapper.hdf.
22:28:14 INFO  : Checking for hwspec changes in the project system_wrapper_hw_platform_0.
22:28:15 INFO  : Launching XSDB server: xsdb.bat -s E:/Xilinx/SDK/2014.3.1/scripts/xsdb/xsdb/xsdb-server.tcl 2450
22:28:46 INFO  : FPGA configured successfully with bitstream "D:/Vivado/project_3/project_3.sdk/system_wrapper_hw_platform_0/system_wrapper.bit"
22:28:55 INFO  : ps7_init is completed.
22:28:56 INFO  : ps7_post_config is completed.
22:28:56 INFO  : Processor reset is completed for ps7_cortexa9_0
22:29:30 INFO  : Processor reset is completed for ps7_cortexa9_0
22:29:49 INFO  : Processor reset is completed for ps7_cortexa9_0
22:30:04 INFO  : Processor reset is completed for ps7_cortexa9_0
22:30:21 INFO  : FPGA configured successfully with bitstream "D:/Vivado/project_3/project_3.sdk/system_wrapper_hw_platform_0/system_wrapper.bit"
22:30:32 INFO  : Processor reset is completed for ps7_cortexa9_0
22:30:52 INFO  : Processor reset is completed for ps7_cortexa9_0
22:31:01 ERROR : Unable to disconnect from existing targets
java.lang.NullPointerException
	at com.xilinx.sdk.targetmanager.internal.json.XMDJSONProcess.issueCommand(XMDJSONProcess.java:144)
	at com.xilinx.sdk.targetmanager.internal.TM.disconnectTarget(TM.java:324)
	at com.xilinx.sdk.targetmanager.internal.TM.disconnectExistingTargets(TM.java:306)
	at com.xilinx.sdk.targetmanager.internal.TM.terminate(TM.java:210)
	at com.xilinx.sdk.targetmanager.TMPlugin.stop(TMPlugin.java:58)
	at org.eclipse.osgi.framework.internal.core.BundleContextImpl$2.run(BundleContextImpl.java:771)
	at java.security.AccessController.doPrivileged(Native Method)
	at org.eclipse.osgi.framework.internal.core.BundleContextImpl.stop(BundleContextImpl.java:764)
	at org.eclipse.osgi.framework.internal.core.BundleHost.stopWorker(BundleHost.java:510)
	at org.eclipse.osgi.framework.internal.core.AbstractBundle.suspend(AbstractBundle.java:566)
	at org.eclipse.osgi.framework.internal.core.Framework.suspendBundle(Framework.java:1206)
	at org.eclipse.osgi.framework.internal.core.StartLevelManager.decFWSL(StartLevelManager.java:592)
	at org.eclipse.osgi.framework.internal.core.StartLevelManager.doSetStartLevel(StartLevelManager.java:257)
	at org.eclipse.osgi.framework.internal.core.StartLevelManager.shutdown(StartLevelManager.java:215)
	at org.eclipse.osgi.framework.internal.core.InternalSystemBundle.suspend(InternalSystemBundle.java:284)
	at org.eclipse.osgi.framework.internal.core.Framework.shutdown(Framework.java:692)
	at org.eclipse.osgi.framework.internal.core.Framework.close(Framework.java:600)
	at org.eclipse.core.runtime.adaptor.EclipseStarter.shutdown(EclipseStarter.java:400)
	at org.eclipse.core.runtime.adaptor.EclipseStarter.run(EclipseStarter.java:200)
	at sun.reflect.NativeMethodAccessorImpl.invoke0(Native Method)
	at sun.reflect.NativeMethodAccessorImpl.invoke(Unknown Source)
	at sun.reflect.DelegatingMethodAccessorImpl.invoke(Unknown Source)
	at java.lang.reflect.Method.invoke(Unknown Source)
	at org.eclipse.equinox.launcher.Main.invokeFramework(Main.java:636)
	at org.eclipse.equinox.launcher.Main.basicRun(Main.java:591)
	at org.eclipse.equinox.launcher.Main.run(Main.java:1450)
22:31:01 ERROR : Unexpected error while parsing XMD response ?: com.google.gson.JsonSyntaxException: com.google.gson.stream.MalformedJsonException: invalid number or unquoted string near 
22:31:22 INFO  : Processing command line option -hwspec D:/Vivado/project_3/project_3.sdk/system_wrapper.hdf.
22:31:23 INFO  : Checking for hwspec changes in the project system_wrapper_hw_platform_0.
22:31:24 INFO  : Launching XSDB server: xsdb.bat -s E:/Xilinx/SDK/2014.3.1/scripts/xsdb/xsdb/xsdb-server.tcl 2450
22:33:19 INFO  : FPGA configured successfully with bitstream "D:/Vivado/project_3/project_3.sdk/system_wrapper_hw_platform_0/system_wrapper.bit"
22:33:51 INFO  : ps7_init is completed.
22:33:51 INFO  : ps7_post_config is completed.
22:33:51 INFO  : Processor reset is completed for ps7_cortexa9_0
22:34:31 INFO  : Processor reset is completed for ps7_cortexa9_0
22:34:54 INFO  : Processor reset is completed for ps7_cortexa9_0
22:35:37 INFO  : Processor reset is completed for ps7_cortexa9_0
22:35:48 ERROR : Unexpected error while parsing XMD response ?: com.google.gson.JsonSyntaxException: com.google.gson.stream.MalformedJsonException: invalid number or unquoted string near 
22:39:04 INFO  : Processing command line option -hwspec D:/Vivado/project_3/project_3.sdk/system_wrapper.hdf.
22:39:07 INFO  : Checking for hwspec changes in the project system_wrapper_hw_platform_0.
22:39:07 INFO  : Launching XSDB server: xsdb.bat -s E:/Xilinx/SDK/2014.3.1/scripts/xsdb/xsdb/xsdb-server.tcl 2450
22:39:39 INFO  : FPGA configured successfully with bitstream "D:/Vivado/project_3/project_3.sdk/system_wrapper_hw_platform_0/system_wrapper.bit"
22:40:04 INFO  : ps7_init is completed.
22:40:04 INFO  : ps7_post_config is completed.
22:40:04 INFO  : Processor reset is completed for ps7_cortexa9_0
22:40:47 INFO  : Processor reset is completed for ps7_cortexa9_0
22:41:14 INFO  : Processor reset is completed for ps7_cortexa9_0
22:44:35 INFO  : Processor reset is completed for ps7_cortexa9_0
22:46:48 INFO  : ps7_cortexa9_0 Processor is in use. Please stop existing Run or Debug sessions before launching.
22:46:49 INFO  : Processor reset is completed for ps7_cortexa9_0
22:47:15 INFO  : Processor reset is completed for ps7_cortexa9_0
22:48:01 INFO  : FPGA configured successfully with bitstream "D:/Vivado/project_3/project_3.sdk/system_wrapper_hw_platform_0/system_wrapper.bit"
22:48:12 INFO  : ps7_init is completed.
22:48:12 INFO  : ps7_post_config is completed.
22:48:12 INFO  : Processor reset is completed for ps7_cortexa9_0
22:48:35 INFO  : Processor reset is completed for ps7_cortexa9_0
22:48:43 ERROR : Unexpected error while parsing XMD response ?: com.google.gson.JsonSyntaxException: com.google.gson.stream.MalformedJsonException: invalid number or unquoted string near 
22:50:09 INFO  : Processing command line option -hwspec D:/Vivado/project_3/project_3.sdk/system_wrapper.hdf.
22:50:10 INFO  : Checking for hwspec changes in the project system_wrapper_hw_platform_0.
22:50:11 INFO  : Launching XSDB server: xsdb.bat -s E:/Xilinx/SDK/2014.3.1/scripts/xsdb/xsdb/xsdb-server.tcl 2450
22:51:22 INFO  : FPGA configured successfully with bitstream "D:/Vivado/project_3/project_3.sdk/system_wrapper_hw_platform_0/system_wrapper.bit"
22:51:44 INFO  : ps7_init is completed.
22:51:44 INFO  : ps7_post_config is completed.
22:51:45 INFO  : Processor reset is completed for ps7_cortexa9_0
22:52:23 INFO  : Processor reset is completed for ps7_cortexa9_0
22:52:43 INFO  : Processor reset is completed for ps7_cortexa9_0
22:52:55 INFO  : Processor reset is completed for ps7_cortexa9_0
22:53:08 INFO  : Processor reset is completed for ps7_cortexa9_0
22:53:22 INFO  : Processor reset is completed for ps7_cortexa9_0
22:54:55 INFO  : Processor reset is completed for ps7_cortexa9_0
22:55:22 INFO  : Processor reset is completed for ps7_cortexa9_0
22:55:38 ERROR : Unexpected error while fetching XMD's response: 
java.net.SocketException: Connection reset
	at java.net.SocketInputStream.read(Unknown Source)
	at java.net.SocketInputStream.read(Unknown Source)
	at sun.nio.cs.StreamDecoder.readBytes(Unknown Source)
	at sun.nio.cs.StreamDecoder.implRead(Unknown Source)
	at sun.nio.cs.StreamDecoder.read(Unknown Source)
	at java.io.InputStreamReader.read(Unknown Source)
	at java.io.BufferedReader.fill(Unknown Source)
	at java.io.BufferedReader.read(Unknown Source)
	at com.xilinx.sdk.targetmanager.internal.json.XMDJSONProcess$CommandResultsReader.run(XMDJSONProcess.java:332)
	at java.lang.Thread.run(Unknown Source)
22:55:38 ERROR : Zero sized response read from XMD. This indicates a communication error or a programming error.
22:59:48 INFO  : Processing command line option -hwspec D:/Vivado/project_3/project_3.sdk/system_wrapper.hdf.
22:59:51 INFO  : Checking for hwspec changes in the project system_wrapper_hw_platform_0.
22:59:52 INFO  : Launching XSDB server: xsdb.bat -s E:/Xilinx/SDK/2014.3.1/scripts/xsdb/xsdb/xsdb-server.tcl 2450
23:01:28 INFO  : FPGA configured successfully with bitstream "D:/Vivado/project_3/project_3.sdk/system_wrapper_hw_platform_0/system_wrapper.bit"
23:02:22 INFO  : ps7_init is completed.
23:02:22 INFO  : ps7_post_config is completed.
23:02:22 INFO  : Processor reset is completed for ps7_cortexa9_0
23:02:45 INFO  : Processor reset is completed for ps7_cortexa9_0
23:03:53 INFO  : Processor reset is completed for ps7_cortexa9_0
23:04:06 INFO  : Processor reset is completed for ps7_cortexa9_0
23:05:50 ERROR : Unexpected error while parsing XMD response ?: com.google.gson.JsonSyntaxException: com.google.gson.stream.MalformedJsonException: invalid number or unquoted string near 
