#-----------------------------------------------------------
# Webtalk v2014.4 (64-bit)
# SW Build 1071353 on Tue Nov 18 17:18:21 MST 2014
# 
# Start of session at: Tue Jun 09 13:11:42 2015
# Process ID: 15016
# Log file: E:/Users/Q/lab5/lab5.sdk/webtalk/webtalk.log
# Journal file: E:/Users/Q/lab5/lab5.sdk/webtalk\webtalk.jou
#-----------------------------------------------------------
WARNING: [Common 17-204] Your XILINX environment variable is undefined. You will not be able to run Synthesis and Implementation using ISE based strategies, or import ngc netlists. Please set up your XILINX environment to get full functionality.
source sdk_webtalk.tcl
# webtalk_init -webtalk_dir E:\\Users\\Q\\lab5\\lab5.sdk\\webtalk
# webtalk_register_client -client project
# webtalk_add_data -client project -key date_generated -value "ÐÇÆÚ¶þ ÁùÔÂ 9 13:11:35 2015" -context "software_version_and_target_device"
# webtalk_add_data -client project -key product_version -value "SDK v2014.4" -context "software_version_and_target_device"
# webtalk_add_data -client project -key build_version -value "2014.4" -context "software_version_and_target_device"
# webtalk_add_data -client project -key os_platform -value "amd64" -context "software_version_and_target_device"
# webtalk_add_data -client project -key registration_id -value "210976383_0_0_140" -context "software_version_and_target_device"
# webtalk_add_data -client project -key tool_flow -value "SDK" -context "software_version_and_target_device"
# webtalk_add_data -client project -key beta -value "false" -context "software_version_and_target_device"
# webtalk_add_data -client project -key route_design -value "NA" -context "software_version_and_target_device"
# webtalk_add_data -client project -key target_family -value "NA" -context "software_version_and_target_device"
# webtalk_add_data -client project -key target_device -value "NA" -context "software_version_and_target_device"
# webtalk_add_data -client project -key target_package -value "NA" -context "software_version_and_target_device"
# webtalk_add_data -client project -key target_speed -value "NA" -context "software_version_and_target_device"
# webtalk_add_data -client project -key random_id -value "trvhc4rtnp86n5q4ac4qgu08pd" -context "software_version_and_target_device"
# webtalk_add_data -client project -key project_id -value "2014.4_21" -context "software_version_and_target_device"
# webtalk_add_data -client project -key project_iteration -value "21" -context "software_version_and_target_device"
# webtalk_add_data -client project -key os_name -value "Microsoft Windows 7 , 64-bit" -context "user_environment"
# webtalk_add_data -client project -key os_release -value "Service Pack 1  (build 7601)" -context "user_environment"
# webtalk_add_data -client project -key cpu_name -value "Intel(R) Core(TM) i5-2450M CPU @ 2.50GHz" -context "user_environment"
# webtalk_add_data -client project -key cpu_speed -value "2494 MHz" -context "user_environment"
# webtalk_add_data -client project -key total_processors -value "1" -context "user_environment"
# webtalk_add_data -client project -key system_ram -value "6.000 GB" -context "user_environment"
# webtalk_register_client -client sdk
# webtalk_add_data -client sdk -key uid -value "1433817071067" -context "sdk\\\\hardware/1433817071067"
# webtalk_add_data -client sdk -key isZynq -value "true" -context "sdk\\\\hardware/1433817071067"
# webtalk_add_data -client sdk -key Processors -value "2" -context "sdk\\\\hardware/1433817071067"
# webtalk_add_data -client sdk -key VivadoVersion -value "2014.4" -context "sdk\\\\hardware/1433817071067"
# webtalk_add_data -client sdk -key Arch -value "zynq" -context "sdk\\\\hardware/1433817071067"
# webtalk_add_data -client sdk -key Device -value "7z010" -context "sdk\\\\hardware/1433817071067"
# webtalk_add_data -client sdk -key IsHandoff -value "true" -context "sdk\\\\hardware/1433817071067"
# webtalk_add_data -client sdk -key uid -value "1433817294196" -context "sdk\\\\application/1433817294196"
# webtalk_add_data -client sdk -key hwid -value "1432622419747" -context "sdk\\\\application/1433817294196"
# webtalk_add_data -client sdk -key bspid -value "1432622496562" -context "sdk\\\\application/1433817294196"
# webtalk_add_data -client sdk -key newbsp -value "false" -context "sdk\\\\application/1433817294196"
# webtalk_add_data -client sdk -key os -value "standalone" -context "sdk\\\\application/1433817294196"
# webtalk_add_data -client sdk -key apptemplate -value "hello_world" -context "sdk\\\\application/1433817294196"
# webtalk_add_data -client sdk -key uid -value "1433817367937" -context "sdk\\\\application/1433817367937"
# webtalk_add_data -client sdk -key hwid -value "1432622419747" -context "sdk\\\\application/1433817367937"
# webtalk_add_data -client sdk -key bspid -value "1432622496562" -context "sdk\\\\application/1433817367937"
# webtalk_add_data -client sdk -key newbsp -value "false" -context "sdk\\\\application/1433817367937"
# webtalk_add_data -client sdk -key os -value "standalone" -context "sdk\\\\application/1433817367937"
# webtalk_add_data -client sdk -key apptemplate -value "empty_application" -context "sdk\\\\application/1433817367937"
# webtalk_transmit -clientid 2543805191 -regid "210976383_0_0_140" -xml E:\\Users\\Q\\lab5\\lab5.sdk\\webtalk\\usage_statistics_ext_sdk.xml -html E:\\Users\\Q\\lab5\\lab5.sdk\\webtalk\\usage_statistics_ext_sdk.html -wdm E:\\Users\\Q\\lab5\\lab5.sdk\\webtalk\\sdk_webtalk.wdm -intro "<H3>SDK Usage Report</H3><BR>"
webtalk_transmit: Time (s): cpu = 00:00:00 ; elapsed = 00:00:19 . Memory (MB): peak = 288.672 ; gain = 0.000

    while executing
"webtalk_transmit -clientid 2543805191 -regid "210976383_0_0_140" -xml E:\\Users\\Q\\lab5\\lab5.sdk\\webtalk\\usage_statistics_ext_sdk.xml -html E:\\Us..."
    (file "sdk_webtalk.tcl" line 44)
INFO: [Common 17-206] Exiting Webtalk at Tue Jun 09 13:12:13 2015...
