#-----------------------------------------------------------
# Vivado v2014.4 (64-bit)
# SW Build 1071353 on Tue Nov 18 18:24:04 MST 2014
# IP Build 1070531 on Tue Nov 18 01:10:18 MST 2014
# Start of session at: Tue May 26 14:38:27 2015
# Process ID: 9396
# Log file: E:/Users/Q/lab4/vivado.log
# Journal file: E:/Users/Q/lab4\vivado.jou
#-----------------------------------------------------------
start_gui
open_project E:/Users/Q/lab4/lab4.xpr
Scanning sources...
Finished scanning sources
INFO: [IP_Flow 19-234] Refreshing IP repositories
INFO: [IP_Flow 19-1700] Loaded user IP repository 'e:/Users/Q/led_ip'.
INFO: [IP_Flow 19-2313] Loaded Vivado IP repository 'E:/Xilinx/Vivado/2014.4/data/ip'.
open_project: Time (s): cpu = 00:01:00 ; elapsed = 00:00:36 . Memory (MB): peak = 813.910 ; gain = 134.086
file mkdir E:/Users/Q/lab4/lab4.sdk
file copy -force E:/Users/Q/lab4/lab4.runs/impl_1/system_wrapper.sysdef E:/Users/Q/lab4/lab4.sdk/system_wrapper.hdf

launch_sdk -workspace E:/Users/Q/lab4/lab4.sdk -hwspec E:/Users/Q/lab4/lab4.sdk/system_wrapper.hdf
INFO: [Vivado 12-393] Launching SDK...
INFO: [Vivado 12-417] Running xsdk -workspace E:/Users/Q/lab4/lab4.sdk -hwspec E:/Users/Q/lab4/lab4.sdk/system_wrapper.hdf
INFO: [Vivado 12-3157] SDK launch initiated. Please check console for any further messages.
launch_sdk -workspace E:/Users/Q/lab4/lab4.sdk -hwspec E:/Users/Q/lab4/lab4.sdk/system_wrapper.hdf
INFO: [Vivado 12-393] Launching SDK...
INFO: [Vivado 12-417] Running xsdk -workspace E:/Users/Q/lab4/lab4.sdk -hwspec E:/Users/Q/lab4/lab4.sdk/system_wrapper.hdf
INFO: [Vivado 12-3157] SDK launch initiated. Please check console for any further messages.
exit
INFO: [Common 17-206] Exiting Vivado at Tue May 26 15:57:06 2015...
