10:33:45 INFO  : Processing command line option -hwspec E:/Users/Q/lab2/lab2.sdk/system_wrapper.hdf.
10:33:57 INFO  : Launching XSDB server: xsdb.bat -s E:/Xilinx/SDK/2014.4/scripts/xsdb/xsdb/xsdb-server.tcl 2450
10:35:58 INFO  : BSP Project P/standalone_bsp_0 has been successfully migrated.
10:36:15 ERROR :  No Ethernet MAC cores are addressable from processor ps7_cortexa9_0.  lwIP requires atleast one EMAC (xps_ethernetlite | xps_ll_temac | axi_ethernet | axi_ethernet_buffer | axi_ethernetlite | ps7_ethernet) core  with its interrupt pin connected to the interrupt controller.
 [Hsi 55-1545] Problem running tcl command ::sw_lwip140_v2_3::lwip_drc : ERROR: No Ethernet MAC cores are addressable from processor ps7_cortexa9_0.  lwIP requires atleast one EMAC (xps_ethernetlite | xps_ll_temac | axi_ethernet | axi_ethernet_buffer | axi_ethernetlite | ps7_ethernet) core  with its interrupt pin connected to the interrupt controller.
    while executing
"error "ERROR: No Ethernet MAC cores are addressable from processor $cpuname.  lwIP requires atleast one EMAC (xps_ethernetlite | xps_ll_temac | axi_et..."
    (procedure "::sw_lwip140_v2_3::lwip_drc" line 12)
    invoked from within
"::sw_lwip140_v2_3::lwip_drc lwip140"
 [Hsi 55-1440] Error(s) while running DRCs.
10:36:15 ERROR : Error generating bsp sources: Failed to generate BSP.
10:36:16 ERROR : Failed to generate sources for BSP project standalone_bsp_0
org.eclipse.core.runtime.CoreException: Internal error occurred while generating bsp sources. Please check the SDK Log view for further details.
	at com.xilinx.sdk.sw.ui.handlers.RegenBspSourcesHandler.internalGenerateBsp(RegenBspSourcesHandler.java:178)
	at com.xilinx.sdk.sw.ui.handlers.RegenBspSourcesHandler.access$2(RegenBspSourcesHandler.java:163)
	at com.xilinx.sdk.sw.ui.handlers.RegenBspSourcesHandler$1$1.run(RegenBspSourcesHandler.java:131)
	at org.eclipse.core.internal.resources.Workspace.run(Workspace.java:2345)
	at com.xilinx.sdk.sw.ui.handlers.RegenBspSourcesHandler$1.run(RegenBspSourcesHandler.java:135)
	at org.eclipse.jface.operation.ModalContext$ModalContextThread.run(ModalContext.java:121)
10:37:45 ERROR : Failed to regenerate sources for BSP project standalone_bsp_0
org.eclipse.core.internal.resources.ResourceException: Problems encountered while deleting resources.
	at org.eclipse.core.internal.resources.Resource.delete(Resource.java:816)
	at org.eclipse.core.internal.resources.Resource.delete(Resource.java:769)
	at com.xilinx.sdk.sw.ui.handlers.RegenBspSourcesHandler.internalGenerateBsp(RegenBspSourcesHandler.java:170)
	at com.xilinx.sdk.sw.ui.handlers.RegenBspSourcesHandler.access$2(RegenBspSourcesHandler.java:163)
	at com.xilinx.sdk.sw.ui.handlers.RegenBspSourcesHandler$1$1.run(RegenBspSourcesHandler.java:131)
	at org.eclipse.core.internal.resources.Workspace.run(Workspace.java:2345)
	at com.xilinx.sdk.sw.ui.handlers.RegenBspSourcesHandler$1.run(RegenBspSourcesHandler.java:135)
	at org.eclipse.jface.operation.ModalContext$ModalContextThread.run(ModalContext.java:121)
Contains: Could not delete '/standalone_bsp_0/ps7_cortexa9_0'.
org.eclipse.core.internal.resources.ResourceException: Problems encountered while deleting resources.
	at org.eclipse.core.internal.localstore.FileSystemResourceManager.delete(FileSystemResourceManager.java:351)
	at org.eclipse.core.internal.resources.ResourceTree.internalDeleteFolder(ResourceTree.java:352)
	at org.eclipse.core.internal.resources.ResourceTree.standardDeleteFolder(ResourceTree.java:798)
	at org.eclipse.core.internal.resources.Resource.unprotectedDelete(Resource.java:1977)
	at org.eclipse.core.internal.resources.Resource.delete(Resource.java:803)
	at org.eclipse.core.internal.resources.Resource.delete(Resource.java:769)
	at com.xilinx.sdk.sw.ui.handlers.RegenBspSourcesHandler.internalGenerateBsp(RegenBspSourcesHandler.java:170)
	at com.xilinx.sdk.sw.ui.handlers.RegenBspSourcesHandler.access$2(RegenBspSourcesHandler.java:163)
	at com.xilinx.sdk.sw.ui.handlers.RegenBspSourcesHandler$1$1.run(RegenBspSourcesHandler.java:131)
	at org.eclipse.core.internal.resources.Workspace.run(Workspace.java:2345)
	at com.xilinx.sdk.sw.ui.handlers.RegenBspSourcesHandler$1.run(RegenBspSourcesHandler.java:135)
	at org.eclipse.jface.operation.ModalContext$ModalContextThread.run(ModalContext.java:121)
Contains: Problems encountered while deleting files.
Contains: Could not delete: E:\Users\Q\lab2\lab2.sdk\standalone_bsp_0\ps7_cortexa9_0\libsrc\uartps_v2_2\src\xuartps.c.
Contains: Could not delete: E:\Users\Q\lab2\lab2.sdk\standalone_bsp_0\ps7_cortexa9_0\libsrc\uartps_v2_2\src.
Contains: Could not delete: E:\Users\Q\lab2\lab2.sdk\standalone_bsp_0\ps7_cortexa9_0\libsrc\uartps_v2_2.
Contains: Could not delete: E:\Users\Q\lab2\lab2.sdk\standalone_bsp_0\ps7_cortexa9_0\libsrc\xilskey_v2_0\src\xilskey_epl.c.
Contains: Could not delete: E:\Users\Q\lab2\lab2.sdk\standalone_bsp_0\ps7_cortexa9_0\libsrc\xilskey_v2_0\src.
Contains: Could not delete: E:\Users\Q\lab2\lab2.sdk\standalone_bsp_0\ps7_cortexa9_0\libsrc\xilskey_v2_0.
Contains: Could not delete: E:\Users\Q\lab2\lab2.sdk\standalone_bsp_0\ps7_cortexa9_0\libsrc.
Contains: Could not delete: E:\Users\Q\lab2\lab2.sdk\standalone_bsp_0\ps7_cortexa9_0.
10:52:02 INFO  : FPGA configured successfully with bitstream "E:/Users/Q/lab2/lab2.sdk/system_wrapper_hw_platform_0/system_wrapper.bit"
10:52:27 INFO  : ps7_init is completed.
10:52:27 INFO  : ps7_post_config is completed.
10:52:27 INFO  : Processor reset is completed for ps7_cortexa9_0
10:59:23 ERROR : Unexpected error while parsing XMD response ?: com.google.gson.JsonSyntaxException: com.google.gson.stream.MalformedJsonException: invalid number or unquoted string near 
