#-----------------------------------------------------------
# Webtalk v2014.3.1 (64-bit)
# SW Build 1056140 on Thu Oct 30 17:05:13 MDT 2014
# 
# Start of session at: Sun Jun 28 18:25:07 2015
# Process ID: 3060
# Log file: D:/Vivado/project_3/project_3.sdk/webtalk/webtalk.log
# Journal file: D:/Vivado/project_3/project_3.sdk/webtalk\webtalk.jou
#-----------------------------------------------------------
WARNING: [Common 17-204] Your XILINX environment variable is undefined. You will not be able to run Synthesis and Implementation using ISE based strategies, or import ngc netlists. Please set up your XILINX environment to get full functionality.
source sdk_webtalk.tcl
# webtalk_init -webtalk_dir D:\\Vivado\\project_3\\project_3.sdk\\webtalk
# webtalk_register_client -client project
# webtalk_add_data -client project -key date_generated -value "ÐÇÆÚÈÕ ÁùÔÂ 28 18:25:05 2015" -context "software_version_and_target_device"
# webtalk_add_data -client project -key product_version -value "SDK v2014.3" -context "software_version_and_target_device"
# webtalk_add_data -client project -key build_version -value "2014.3" -context "software_version_and_target_device"
# webtalk_add_data -client project -key os_platform -value "amd64" -context "software_version_and_target_device"
# webtalk_add_data -client project -key registration_id -value "207600880_1777491182_0_870" -context "software_version_and_target_device"
# webtalk_add_data -client project -key tool_flow -value "SDK" -context "software_version_and_target_device"
# webtalk_add_data -client project -key beta -value "false" -context "software_version_and_target_device"
# webtalk_add_data -client project -key route_design -value "NA" -context "software_version_and_target_device"
# webtalk_add_data -client project -key target_family -value "NA" -context "software_version_and_target_device"
# webtalk_add_data -client project -key target_device -value "NA" -context "software_version_and_target_device"
# webtalk_add_data -client project -key target_package -value "NA" -context "software_version_and_target_device"
# webtalk_add_data -client project -key target_speed -value "NA" -context "software_version_and_target_device"
# webtalk_add_data -client project -key random_id -value "quu03tmbib8g2p4cahl089v3mr" -context "software_version_and_target_device"
# webtalk_add_data -client project -key project_id -value "2014.3_2" -context "software_version_and_target_device"
# webtalk_add_data -client project -key project_iteration -value "2" -context "software_version_and_target_device"
# webtalk_add_data -client project -key os_name -value "Microsoft Windows 7 , 64-bit" -context "user_environment"
# webtalk_add_data -client project -key os_release -value "Service Pack 1  (build 7601)" -context "user_environment"
# webtalk_add_data -client project -key cpu_name -value "Intel(R) Core(TM) i5-4590 CPU @ 3.30GHz" -context "user_environment"
# webtalk_add_data -client project -key cpu_speed -value "3292 MHz" -context "user_environment"
# webtalk_add_data -client project -key total_processors -value "1" -context "user_environment"
# webtalk_add_data -client project -key system_ram -value "8.000 GB" -context "user_environment"
# webtalk_register_client -client sdk
# webtalk_add_data -client sdk -key uid -value "1435479821042" -context "sdk\\\\hardware/1435479821042"
# webtalk_add_data -client sdk -key isZynq -value "true" -context "sdk\\\\hardware/1435479821042"
# webtalk_add_data -client sdk -key Processors -value "2" -context "sdk\\\\hardware/1435479821042"
# webtalk_add_data -client sdk -key VivadoVersion -value "2014.3.1" -context "sdk\\\\hardware/1435479821042"
# webtalk_add_data -client sdk -key Arch -value "zynq" -context "sdk\\\\hardware/1435479821042"
# webtalk_add_data -client sdk -key Device -value "7z010" -context "sdk\\\\hardware/1435479821042"
# webtalk_add_data -client sdk -key IsHandoff -value "true" -context "sdk\\\\hardware/1435479821042"
# webtalk_add_data -client sdk -key uid -value "1435479999951" -context "sdk\\\\bsp/1435479999951"
# webtalk_add_data -client sdk -key hwid -value "1435479821042" -context "sdk\\\\bsp/1435479999951"
# webtalk_add_data -client sdk -key os -value "standalone" -context "sdk\\\\bsp/1435479999951"
# webtalk_add_data -client sdk -key apptemplate -value "null" -context "sdk\\\\bsp/1435479999951"
# webtalk_add_data -client sdk -key uid -value "1435480340114" -context "sdk\\\\application/1435480340114"
# webtalk_add_data -client sdk -key hwid -value "1435479821042" -context "sdk\\\\application/1435480340114"
# webtalk_add_data -client sdk -key bspid -value "1435479999951" -context "sdk\\\\application/1435480340114"
# webtalk_add_data -client sdk -key newbsp -value "false" -context "sdk\\\\application/1435480340114"
# webtalk_add_data -client sdk -key os -value "standalone" -context "sdk\\\\application/1435480340114"
# webtalk_add_data -client sdk -key apptemplate -value "empty_application" -context "sdk\\\\application/1435480340114"
# webtalk_transmit -clientid 773324985 -regid "207600880_1777491182_0_870" -xml D:\\Vivado\\project_3\\project_3.sdk\\webtalk\\usage_statistics_ext_sdk.xml -html D:\\Vivado\\project_3\\project_3.sdk\\webtalk\\usage_statistics_ext_sdk.html -wdm D:\\Vivado\\project_3\\project_3.sdk\\webtalk\\sdk_webtalk.wdm -intro "<H3>SDK Usage Report</H3><BR>"
webtalk_transmit: Time (s): cpu = 00:00:00 ; elapsed = 00:00:05 . Memory (MB): peak = 55.801 ; gain = 0.023

    while executing
"webtalk_transmit -clientid 773324985 -regid "207600880_1777491182_0_870" -xml D:\\Vivado\\project_3\\project_3.sdk\\webtalk\\usage_statistics_ext_sdk...."
    (file "sdk_webtalk.tcl" line 42)
INFO: [Common 17-206] Exiting Webtalk at Sun Jun 28 18:25:16 2015...
